44.0 APEX_CODE,FINEST;APEX_PROFILING,INFO;CALLOUT,INFO;DB,INFO;NBA,INFO;SYSTEM,DEBUG;VALIDATION,INFO;VISUALFORCE,INFO;WAVE,INFO;WORKFLOW,INFO
17:32:07.3 (3679348)|USER_INFO|[EXTERNAL]|005R00000035RKE|test-2dzru4mjafof@example.com|Pacific Standard Time|GMT-07:00
17:32:07.3 (3749681)|EXECUTION_STARTED
17:32:07.3 (3759223)|CODE_UNIT_STARTED|[EXTERNAL]|Aura
17:32:07.3 (7735925)|HEAP_ALLOCATE|[72]|Bytes:3
17:32:07.3 (7842702)|HEAP_ALLOCATE|[77]|Bytes:152
17:32:07.3 (7867513)|HEAP_ALLOCATE|[342]|Bytes:408
17:32:07.3 (7889136)|HEAP_ALLOCATE|[355]|Bytes:408
17:32:07.3 (7909973)|HEAP_ALLOCATE|[467]|Bytes:48
17:32:07.3 (7941393)|HEAP_ALLOCATE|[139]|Bytes:6
17:32:07.3 (7977211)|HEAP_ALLOCATE|[EXTERNAL]|Bytes:26
17:32:07.3 (8007069)|HEAP_ALLOCATE|[EXTERNAL]|Bytes:26
17:32:07.3 (8117522)|HEAP_ALLOCATE|[EXTERNAL]|Bytes:18
17:32:07.3 (8137271)|HEAP_ALLOCATE|[EXTERNAL]|Bytes:18
17:32:07.3 (8222419)|HEAP_ALLOCATE|[EXTERNAL]|Bytes:10
17:32:07.3 (8240859)|HEAP_ALLOCATE|[EXTERNAL]|Bytes:10
17:32:07.3 (8316479)|HEAP_ALLOCATE|[EXTERNAL]|Bytes:16
17:32:07.3 (8334356)|HEAP_ALLOCATE|[EXTERNAL]|Bytes:16
17:32:07.3 (9967201)|CODE_UNIT_STARTED|[EXTERNAL]|01pR0000000nQ6Y|dataTableController.listForLightningWithColumns(String, String, String, String)
17:32:07.3 (10160160)|HEAP_ALLOCATE|[EXTERNAL]|Bytes:13
17:32:07.3 (10180464)|HEAP_ALLOCATE|[EXTERNAL]|Bytes:8
17:32:07.3 (10211166)|METHOD_ENTRY|[1]|01pR0000000nQ6Y|dataTableController.dataTableController()
17:32:07.3 (10227642)|STATEMENT_EXECUTE|[1]
17:32:07.3 (10238933)|STATEMENT_EXECUTE|[1]
17:32:07.3 (10252084)|METHOD_EXIT|[1]|dataTableController
17:32:07.3 (10267630)|HEAP_ALLOCATE|[EXTERNAL]|Bytes:26
17:32:07.3 (10276965)|HEAP_ALLOCATE|[EXTERNAL]|Bytes:18
17:32:07.3 (10284043)|HEAP_ALLOCATE|[EXTERNAL]|Bytes:10
17:32:07.3 (10290727)|HEAP_ALLOCATE|[EXTERNAL]|Bytes:16
17:32:07.3 (10312211)|SYSTEM_MODE_ENTER|false
17:32:07.3 (10333195)|VARIABLE_SCOPE_BEGIN|[25]|flowName|String|false|false
17:32:07.3 (10376403)|VARIABLE_ASSIGNMENT|[25]|flowName|"activeContacts_Oppor (6 more) ..."
17:32:07.3 (10389081)|VARIABLE_SCOPE_BEGIN|[25]|recordId|String|false|false
17:32:07.3 (10407398)|VARIABLE_ASSIGNMENT|[25]|recordId|"006R000000Trfu8IAB"
17:32:07.3 (10416559)|VARIABLE_SCOPE_BEGIN|[25]|fieldsetName|String|false|false
17:32:07.3 (10432657)|VARIABLE_ASSIGNMENT|[25]|fieldsetName|"Short_Form"
17:32:07.3 (10440818)|VARIABLE_SCOPE_BEGIN|[25]|fActions|String|false|false
17:32:07.3 (10455802)|VARIABLE_ASSIGNMENT|[25]|fActions|"addToOppContacts"
17:32:07.3 (10472191)|STATEMENT_EXECUTE|[25]
17:32:07.3 (10475195)|STATEMENT_EXECUTE|[26]
17:32:07.3 (139607796)|HEAP_ALLOCATE|[26]|Bytes:102
17:32:07.3 (139635522)|HEAP_ALLOCATE|[26]|Bytes:45
17:32:07.3 (139642298)|HEAP_ALLOCATE|[26]|Bytes:31
17:32:07.3 (139709839)|METHOD_ENTRY|[1]|01pR0000000nR9p|FlowUtility.FlowUtility()
17:32:07.3 (139724113)|STATEMENT_EXECUTE|[1]
17:32:07.3 (139734028)|STATEMENT_EXECUTE|[1]
17:32:07.3 (139776405)|HEAP_ALLOCATE|[50]|Bytes:5
17:32:07.3 (139837339)|HEAP_ALLOCATE|[56]|Bytes:5
17:32:07.3 (139854394)|HEAP_ALLOCATE|[64]|Bytes:7
17:32:07.3 (139906550)|HEAP_ALLOCATE|[26]|Bytes:5
17:32:07.3 (139915470)|STATEMENT_EXECUTE|[266]
17:32:07.3 (139918238)|STATEMENT_EXECUTE|[274]
17:32:07.3 (139919877)|STATEMENT_EXECUTE|[290]
17:32:07.3 (139921579)|STATEMENT_EXECUTE|[302]
17:32:07.3 (139923244)|STATEMENT_EXECUTE|[310]
17:32:07.3 (139924868)|STATEMENT_EXECUTE|[319]
17:32:07.3 (139926648)|STATEMENT_EXECUTE|[338]
17:32:07.3 (139928293)|STATEMENT_EXECUTE|[356]
17:32:07.3 (139942553)|METHOD_EXIT|[1]|FlowUtility
17:32:07.3 (139963831)|HEAP_ALLOCATE|[26]|Bytes:4
17:32:07.3 (139982315)|CONSTRUCTOR_ENTRY|[26]|01pR0000000nR9p|<init>()|FlowUtility
17:32:07.3 (140045843)|VARIABLE_SCOPE_BEGIN|[1]|this|FlowUtility|true|false
17:32:07.3 (140100431)|VARIABLE_ASSIGNMENT|[1]|this|{}|0x6e844578
17:32:07.3 (140116314)|HEAP_ALLOCATE|[EXTERNAL]|Bytes:5
17:32:07.3 (140130306)|HEAP_ALLOCATE|[EXTERNAL]|Bytes:6
17:32:07.3 (140187650)|STATEMENT_EXECUTE|[1]
17:32:07.3 (140195832)|HEAP_ALLOCATE|[EXTERNAL]|Bytes:5
17:32:07.3 (140209887)|CONSTRUCTOR_EXIT|[26]|01pR0000000nR9p|<init>()|FlowUtility
17:32:07.3 (140219259)|VARIABLE_SCOPE_BEGIN|[26]|flowUtil|FlowUtility|true|false
17:32:07.3 (140239309)|VARIABLE_ASSIGNMENT|[26]|flowUtil|{}|0x6e844578
17:32:07.3 (140246338)|STATEMENT_EXECUTE|[27]
17:32:07.3 (140274399)|HEAP_ALLOCATE|[27]|Bytes:4
17:32:07.3 (140294403)|HEAP_ALLOCATE|[27]|Bytes:8
17:32:07.3 (140454981)|HEAP_ALLOCATE|[27]|Bytes:32
17:32:07.3 (140474026)|SYSTEM_METHOD_ENTRY|[9]|Interview.Interview()
17:32:07.3 (140480078)|STATEMENT_EXECUTE|[9]
17:32:07.3 (140488169)|SYSTEM_METHOD_EXIT|[9]|Interview
17:32:07.3 (140505656)|METHOD_ENTRY|[27]||Flow.Interview.createInterview(String, Map<String,ANY>)
17:32:07.3 (244578745)|METHOD_ENTRY|[1]|300R00000004Ve3|Flow.Interview.activeContacts_Opportunity.activecontacts_opportunity()
17:32:07.3 (244598021)|STATEMENT_EXECUTE|[1]
17:32:07.3 (244607370)|ENTERING_MANAGED_PKG|Flow__Interview
17:32:07.3 (244629494)|METHOD_EXIT|[1]|Flow.Interview.activeContacts_Opportunity
17:32:07.3 (244644335)|HEAP_ALLOCATE|[75]|Bytes:20
17:32:07.3 (244683207)|HEAP_ALLOCATE|[75]|Bytes:8
17:32:07.3 (244696152)|VARIABLE_SCOPE_BEGIN|[5]|this|Flow.Interview.activeContacts_Opportunity|false|false
17:32:07.3 (244724853)|VARIABLE_ASSIGNMENT|[5]|this|null
17:32:07.3 (244731655)|VARIABLE_SCOPE_BEGIN|[5]|initialValues|Map<String,ANY>|true|false
17:32:07.3 (244775410)|VARIABLE_ASSIGNMENT|[5]|initialValues|{"recordId":"006R000000Trfu8IAB"}|0x557cb73d
17:32:07.3 (245323208)|METHOD_EXIT|[27]||Flow.Interview.createInterview(String, Map<String,ANY>)
17:32:07.3 (245335895)|VARIABLE_SCOPE_BEGIN|[27]|flow|Flow.Interview|true|false
17:32:07.3 (245635929)|VARIABLE_ASSIGNMENT|[27]|flow|"interaction.apex.FlowInterview@1711252b"|0x1711252b
17:32:07.3 (245649303)|STATEMENT_EXECUTE|[28]
17:32:07.3 (245670402)|METHOD_ENTRY|[28]||Flow.Interview.start()
17:32:07.387 (387388285)|FLOW_CREATE_INTERVIEW_BEGIN||300R00000004Ve3|301R00000006UHJ
17:32:07.387 (387475283)|FLOW_CREATE_INTERVIEW_END|3387a7c268f8b26098c56fa0f9ea165e9c916d8-2192|Active Contacts - Opportunity
17:32:07.389 (389975296)|FLOW_START_INTERVIEWS_BEGIN|1
17:32:07.389 (390059583)|FLOW_START_INTERVIEW_BEGIN|3387a7c268f8b26098c56fa0f9ea165e9c916d8-2192|Active Contacts - Opportunity
17:32:07.389 (390229908)|FLOW_START_INTERVIEW_END|3387a7c268f8b26098c56fa0f9ea165e9c916d8-2192|Active Contacts - Opportunity
17:32:07.389 (917200953)|FLOW_START_INTERVIEWS_END|1
17:32:07.3 (917289514)|METHOD_EXIT|[28]||Flow.Interview.start()
17:32:07.3 (917307308)|STATEMENT_EXECUTE|[29]
17:32:07.3 (917325797)|HEAP_ALLOCATE|[29]|Bytes:7
17:32:07.3 (917368511)|METHOD_ENTRY|[29]||Flow.Interview.getVariableValue(String)
17:32:07.3 (919227070)|METHOD_EXIT|[29]||Flow.Interview.getVariableValue(String)
17:32:07.3 (919263142)|VARIABLE_SCOPE_BEGIN|[29]|lightningList|List<SObject>|true|false
17:32:07.3 (919347027)|VARIABLE_ASSIGNMENT|[29]|lightningList|[{"FirstName":"Jack","LastName":"Rogers","Id":"003R000001JgwVeIAJ","Email":"jrogers@burlington.c (2 more) ...","Phone":"(336) 222-7000","Name":"Jack Rogers","Inactive__c":false}]|0x1ee6bacf
17:32:07.3 (919361886)|STATEMENT_EXECUTE|[30]
17:32:07.3 (919393199)|METHOD_ENTRY|[30]|01pR0000000nQ6Y|dataTableController.applyFieldSet(List<SObject>, String)
17:32:07.3 (919423521)|VARIABLE_SCOPE_BEGIN|[12]|records|List<SObject>|true|false
17:32:07.3 (919463251)|VARIABLE_ASSIGNMENT|[12]|records|[{"FirstName":"Jack","LastName":"Rogers","Id":"003R000001JgwVeIAJ","Email":"jrogers@burlington.c (2 more) ...","Phone":"(336) 222-7000","Name":"Jack Rogers","Inactive__c":false}]|0x1ee6bacf
17:32:07.3 (919478630)|VARIABLE_SCOPE_BEGIN|[12]|fieldSetName|String|false|false
17:32:07.3 (919494168)|VARIABLE_ASSIGNMENT|[12]|fieldSetName|"Short_Form"
17:32:07.3 (919504441)|STATEMENT_EXECUTE|[12]
17:32:07.3 (919507394)|STATEMENT_EXECUTE|[13]
17:32:07.3 (919519050)|HEAP_ALLOCATE|[13]|Bytes:4
17:32:07.3 (919536839)|CONSTRUCTOR_ENTRY|[13]|01pR0000000nR9p|<init>()|FlowUtility
17:32:07.3 (919563166)|VARIABLE_SCOPE_BEGIN|[1]|this|FlowUtility|true|false
17:32:07.3 (919600393)|VARIABLE_ASSIGNMENT|[1]|this|{}|0x2c7cb5b2
17:32:07.3 (919626530)|HEAP_ALLOCATE|[EXTERNAL]|Bytes:5
17:32:07.3 (919667767)|STATEMENT_EXECUTE|[1]
17:32:07.3 (919675761)|HEAP_ALLOCATE|[EXTERNAL]|Bytes:5
17:32:07.3 (919691825)|CONSTRUCTOR_EXIT|[13]|01pR0000000nR9p|<init>()|FlowUtility
17:32:07.3 (919706205)|VARIABLE_SCOPE_BEGIN|[13]|flowUtil|FlowUtility|true|false
17:32:07.3 (919730426)|VARIABLE_ASSIGNMENT|[13]|flowUtil|{}|0x2c7cb5b2
17:32:07.3 (919740826)|STATEMENT_EXECUTE|[14]
17:32:07.3 (919793206)|METHOD_ENTRY|[14]|01pR0000000nR9p|FlowUtility.getFieldListFromFieldSetFromSObjectList(List<SObject>, String)
17:32:07.3 (919905058)|VARIABLE_SCOPE_BEGIN|[261]|this|FlowUtility|true|false
17:32:07.3 (919932658)|VARIABLE_ASSIGNMENT|[261]|this|{}|0x2c7cb5b2
17:32:07.3 (919944648)|VARIABLE_SCOPE_BEGIN|[261]|sobjects|List<SObject>|true|false
17:32:07.3 (919982232)|VARIABLE_ASSIGNMENT|[261]|sobjects|[{"FirstName":"Jack","LastName":"Rogers","Id":"003R000001JgwVeIAJ","Email":"jrogers@burlington.c (2 more) ...","Phone":"(336) 222-7000","Name":"Jack Rogers","Inactive__c":false}]|0x1ee6bacf
17:32:07.3 (919996426)|VARIABLE_SCOPE_BEGIN|[261]|fieldSetName|String|false|false
17:32:07.3 (920010573)|VARIABLE_ASSIGNMENT|[261]|fieldSetName|"Short_Form"
17:32:07.3 (920028633)|HEAP_ALLOCATE|[262]|Bytes:5
17:32:07.3 (920038518)|STATEMENT_EXECUTE|[261]
17:32:07.3 (920041539)|STATEMENT_EXECUTE|[262]
17:32:07.3 (920244060)|VARIABLE_SCOPE_BEGIN|[262]|objType|Schema.SObjectType|true|false
17:32:07.3 (920387108)|VARIABLE_ASSIGNMENT|[262]|objType|"common.apex.runtime.impl.ApexSObjectTypeToken@1d0bcfde"|0x1d0bcfde
17:32:07.3 (920401512)|STATEMENT_EXECUTE|[263]
17:32:07.3 (920680050)|HEAP_ALLOCATE|[263]|Bytes:4
17:32:07.3 (920739004)|HEAP_ALLOCATE|[263]|Bytes:7
17:32:07.3 (920768029)|METHOD_ENTRY|[263]|01pR0000000nR9p|FlowUtility.getFieldListFromFieldSet(String, String)
17:32:07.3 (920902481)|VARIABLE_SCOPE_BEGIN|[238]|this|FlowUtility|true|false
17:32:07.3 (920932250)|VARIABLE_ASSIGNMENT|[238]|this|{}|0x2c7cb5b2
17:32:07.3 (920944240)|VARIABLE_SCOPE_BEGIN|[238]|sobjectType|String|false|false
17:32:07.3 (920961939)|VARIABLE_ASSIGNMENT|[238]|sobjectType|"Contact"
17:32:07.3 (920970206)|VARIABLE_SCOPE_BEGIN|[238]|fieldSetName|String|false|false
17:32:07.3 (920984619)|VARIABLE_ASSIGNMENT|[238]|fieldSetName|"Short_Form"
17:32:07.3 (921001685)|HEAP_ALLOCATE|[239]|Bytes:5
17:32:07.3 (921012030)|STATEMENT_EXECUTE|[238]
17:32:07.3 (921015067)|STATEMENT_EXECUTE|[239]
17:32:07.3 (921032421)|HEAP_ALLOCATE|[239]|Bytes:4
17:32:07.3 (921128465)|HEAP_ALLOCATE|[EXTERNAL]|Bytes:8
17:32:07.3 (937723812)|HEAP_ALLOCATE|[239]|Bytes:8
17:32:07.3 (937790090)|HEAP_ALLOCATE|[239]|Bytes:8
17:32:07.3 (937830825)|VARIABLE_SCOPE_BEGIN|[239]|descResults|List<Schema.DescribeSObjectResult>|true|false
17:32:07.3 (938136314)|VARIABLE_ASSIGNMENT|[239]|descResults|"common.apex.runtime.impl.ScalarList@77644fdf"|0x2b35a464
17:32:07.3 (938249358)|STATEMENT_EXECUTE|[240]
17:32:07.3 (938254141)|STATEMENT_EXECUTE|[242]
17:32:07.3 (938280773)|HEAP_ALLOCATE|[242]|Bytes:4
17:32:07.3 (938321037)|VARIABLE_SCOPE_BEGIN|[242]|descResult|Schema.DescribeSObjectResult|true|false
17:32:07.3 (938555063)|VARIABLE_ASSIGNMENT|[242]|descResult|"common.api.soap.wsdl.DescribeSObjectResult@77644fc0"|0x12412a79
17:32:07.3 (938567033)|STATEMENT_EXECUTE|[243]
17:32:07.3 (940589397)|HEAP_ALLOCATE|[243]|Bytes:8
17:32:07.3 (940708177)|VARIABLE_SCOPE_BEGIN|[243]|fieldSet|Schema.FieldSet|true|false
17:32:07.3 (940810102)|VARIABLE_ASSIGNMENT|[243]|fieldSet|"common.api.soap.wsdl.FieldSet@5df5e2f9"|0x459ca384
17:32:07.3 (940822792)|STATEMENT_EXECUTE|[247]
17:32:07.3 (940825284)|STATEMENT_EXECUTE|[248]
17:32:07.3 (944301390)|HEAP_ALLOCATE|[EXTERNAL]|Bytes:20
17:32:07.3 (944388571)|HEAP_ALLOCATE|[248]|Bytes:20
17:32:07.3 (944406279)|VARIABLE_SCOPE_BEGIN|[248]|fields|List<Schema.FieldSetMember>|true|false
17:32:07.3 (944511080)|VARIABLE_ASSIGNMENT|[248]|fields|"common.apex.runtime.impl.ScalarList@4d892e51"|0x4138f5f6
17:32:07.3 (944523520)|STATEMENT_EXECUTE|[249]
17:32:07.3 (944541601)|HEAP_ALLOCATE|[249]|Bytes:4
17:32:07.3 (944583288)|VARIABLE_SCOPE_BEGIN|[249]|fieldNames|List<String>|true|false
17:32:07.3 (944614376)|HEAP_ALLOCATE|[EXTERNAL]|Bytes:4
17:32:07.3 (944626896)|VARIABLE_ASSIGNMENT|[249]|fieldNames|[]|0x13c7baac
17:32:07.3 (944894426)|HEAP_ALLOCATE|[251]|Bytes:5
17:32:07.3 (944948310)|HEAP_ALLOCATE|[251]|Bytes:4
17:32:07.3 (944982333)|VARIABLE_SCOPE_BEGIN|[251]|field|Schema.FieldSetMember|true|false
17:32:07.3 (945063874)|VARIABLE_ASSIGNMENT|[251]|field|"Name"|0x2bf98ae4
17:32:07.3 (945077538)|STATEMENT_EXECUTE|[251]
17:32:07.3 (945079739)|STATEMENT_EXECUTE|[252]
17:32:07.3 (945101352)|HEAP_ALLOCATE|[252]|Bytes:4
17:32:07.3 (945162437)|HEAP_ALLOCATE|[EXTERNAL]|Bytes:4
17:32:07.3 (945189515)|HEAP_ALLOCATE|[251]|Bytes:5
17:32:07.3 (945209414)|HEAP_ALLOCATE|[251]|Bytes:4
17:32:07.3 (945232635)|VARIABLE_SCOPE_BEGIN|[251]|field|Schema.FieldSetMember|true|false
17:32:07.3 (945304745)|VARIABLE_ASSIGNMENT|[251]|field|"Email"|0x54547ed
17:32:07.3 (945316189)|STATEMENT_EXECUTE|[251]
17:32:07.3 (945318289)|STATEMENT_EXECUTE|[252]
17:32:07.3 (945328062)|HEAP_ALLOCATE|[252]|Bytes:5
17:32:07.3 (945345541)|HEAP_ALLOCATE|[EXTERNAL]|Bytes:4
17:32:07.3 (945364540)|HEAP_ALLOCATE|[251]|Bytes:5
17:32:07.3 (945382807)|HEAP_ALLOCATE|[251]|Bytes:4
17:32:07.3 (945405004)|VARIABLE_SCOPE_BEGIN|[251]|field|Schema.FieldSetMember|true|false
17:32:07.3 (945474600)|VARIABLE_ASSIGNMENT|[251]|field|"Phone"|0x768c4ebf
17:32:07.3 (945486151)|STATEMENT_EXECUTE|[251]
17:32:07.3 (945488101)|STATEMENT_EXECUTE|[252]
17:32:07.3 (945497281)|HEAP_ALLOCATE|[252]|Bytes:5
17:32:07.3 (945513234)|HEAP_ALLOCATE|[EXTERNAL]|Bytes:4
17:32:07.3 (945531584)|HEAP_ALLOCATE|[251]|Bytes:5
17:32:07.3 (945549295)|HEAP_ALLOCATE|[251]|Bytes:4
17:32:07.3 (945570631)|VARIABLE_SCOPE_BEGIN|[251]|field|Schema.FieldSetMember|true|false
17:32:07.3 (945641198)|VARIABLE_ASSIGNMENT|[251]|field|"AccountId"|0x19645a19
17:32:07.3 (945652764)|STATEMENT_EXECUTE|[251]
17:32:07.3 (945654682)|STATEMENT_EXECUTE|[252]
17:32:07.3 (945663920)|HEAP_ALLOCATE|[252]|Bytes:9
17:32:07.3 (945679632)|HEAP_ALLOCATE|[EXTERNAL]|Bytes:4
17:32:07.3 (945704651)|HEAP_ALLOCATE|[251]|Bytes:5
17:32:07.3 (945723693)|VARIABLE_ASSIGNMENT|[251]|field|null|
17:32:07.3 (945730893)|STATEMENT_EXECUTE|[254]
17:32:07.3 (945747912)|METHOD_EXIT|[263]|01pR0000000nR9p|FlowUtility.getFieldListFromFieldSet(String, String)
17:32:07.3 (945761831)|METHOD_EXIT|[14]|01pR0000000nR9p|FlowUtility.getFieldListFromFieldSetFromSObjectList(List<SObject>, String)
17:32:07.3 (945770085)|VARIABLE_SCOPE_BEGIN|[14]|fieldSetArray|List<String>|true|false
17:32:07.3 (945790393)|VARIABLE_ASSIGNMENT|[14]|fieldSetArray|["Name","Email","Phone","AccountId"]|0x13c7baac
17:32:07.3 (945798017)|STATEMENT_EXECUTE|[15]
17:32:07.3 (945804124)|HEAP_ALLOCATE|[15]|Bytes:2
17:32:07.3 (945963480)|VARIABLE_SCOPE_BEGIN|[15]|fields|String|false|false
17:32:07.3 (945984841)|VARIABLE_ASSIGNMENT|[15]|fields|"Name, Email, Phone,  (9 more) ..."
17:32:07.3 (945991347)|STATEMENT_EXECUTE|[16]
17:32:07.3 (946184720)|HEAP_ALLOCATE|[16]|Bytes:4
17:32:07.3 (946233889)|HEAP_ALLOCATE|[16]|Bytes:7
17:32:07.3 (946246056)|VARIABLE_SCOPE_BEGIN|[16]|objectType|String|false|false
17:32:07.3 (946262604)|VARIABLE_ASSIGNMENT|[16]|objectType|"Contact"
17:32:07.3 (946268588)|STATEMENT_EXECUTE|[17]
17:32:07.3 (946285068)|HEAP_ALLOCATE|[17]|Bytes:4
17:32:07.3 (946318369)|VARIABLE_SCOPE_BEGIN|[17]|ids|List<Id>|true|false
17:32:07.3 (946347449)|HEAP_ALLOCATE|[EXTERNAL]|Bytes:4
17:32:07.3 (946359028)|VARIABLE_ASSIGNMENT|[17]|ids|[]|0x51f8177c
17:32:07.3 (946465901)|HEAP_ALLOCATE|[18]|Bytes:5
17:32:07.3 (946515842)|HEAP_ALLOCATE|[18]|Bytes:32
17:32:07.3 (946544736)|VARIABLE_SCOPE_BEGIN|[18]|obj|SObject|true|false
17:32:07.3 (946590860)|VARIABLE_ASSIGNMENT|[18]|obj|{"FirstName":"Jack","LastName":"Rogers","Id":"003R000001JgwVeIAJ","Email":"jrogers@burlington.c (2 more) ...","Phone":"(336) 222-7000","Name":"Jack Rogers","Inactive__c":false}|0x7e9a6c73
17:32:07.3 (946601132)|STATEMENT_EXECUTE|[18]
17:32:07.3 (946603427)|STATEMENT_EXECUTE|[19]
17:32:07.3 (946682559)|HEAP_ALLOCATE|[EXTERNAL]|Bytes:4
17:32:07.3 (946723360)|HEAP_ALLOCATE|[18]|Bytes:5
17:32:07.3 (946742606)|VARIABLE_ASSIGNMENT|[18]|obj|null|
17:32:07.3 (946749341)|STATEMENT_EXECUTE|[21]
17:32:07.3 (946754044)|HEAP_ALLOCATE|[21]|Bytes:7
17:32:07.3 (946760563)|HEAP_ALLOCATE|[21]|Bytes:6
17:32:07.3 (946766408)|HEAP_ALLOCATE|[21]|Bytes:15
17:32:07.3 (946771625)|HEAP_ALLOCATE|[21]|Bytes:3
17:32:07.3 (946864145)|HEAP_ALLOCATE|[21]|Bytes:82
17:32:07.3 (946875390)|HEAP_ALLOCATE|[21]|Bytes:2
17:32:07.3 (946886550)|HEAP_ALLOCATE|[21]|Bytes:84
17:32:07.3 (947249941)|SOQL_EXECUTE_BEGIN|[21]|Aggregations:0|Select Name, Email, Phone, AccountId FROM Contact Where Id IN ('003R000001JgwVeIAJ')
17:32:07.3 (951183823)|SOQL_EXECUTE_END|[21]|Rows:1
17:32:07.3 (951230157)|HEAP_ALLOCATE|[21]|Bytes:8
17:32:07.3 (951256982)|HEAP_ALLOCATE|[21]|Bytes:133
17:32:07.3 (951302351)|HEAP_ALLOCATE|[21]|Bytes:8
17:32:07.3 (951337241)|METHOD_EXIT|[30]|01pR0000000nQ6Y|dataTableController.applyFieldSet(List<SObject>, String)
17:32:07.3 (951372152)|METHOD_ENTRY|[30]|01pR0000000nR9p|FlowUtility.disassembleSObjects(List<SObject>, String)
17:32:07.3 (951585150)|VARIABLE_SCOPE_BEGIN|[146]|this|FlowUtility|true|false
17:32:07.3 (951622991)|VARIABLE_ASSIGNMENT|[146]|this|{}|0x6e844578
17:32:07.3 (951632392)|VARIABLE_SCOPE_BEGIN|[146]|objects|List<SObject>|true|false
17:32:07.3 (951663924)|VARIABLE_ASSIGNMENT|[146]|objects|[{"Name":"Jack Rogers","Email":"jrogers@burlington.c (2 more) ...","Phone":"(336) 222-7000","AccountId":"001R000001JeJZaIAN","Id":"003R000001JgwVeIAJ"}]|0x4be729b7
17:32:07.3 (951674292)|VARIABLE_SCOPE_BEGIN|[146]|fActions|String|false|false
17:32:07.3 (951685403)|VARIABLE_ASSIGNMENT|[146]|fActions|"addToOppContacts"
17:32:07.3 (951711753)|HEAP_ALLOCATE|[147]|Bytes:5
17:32:07.3 (951720468)|STATEMENT_EXECUTE|[146]
17:32:07.3 (951722778)|STATEMENT_EXECUTE|[147]
17:32:07.3 (951793933)|VARIABLE_SCOPE_BEGIN|[147]|objType|Schema.SObjectType|true|false
17:32:07.3 (951879833)|VARIABLE_ASSIGNMENT|[147]|objType|"common.apex.runtime.impl.ApexSObjectTypeToken@1d0bcfde"|0x1d0bcfde
17:32:07.3 (951891366)|STATEMENT_EXECUTE|[148]
17:32:07.3 (951939783)|HEAP_ALLOCATE|[148]|Bytes:4
17:32:07.3 (952374489)|HEAP_ALLOCATE|[148]|Bytes:264
17:32:07.3 (952395571)|VARIABLE_SCOPE_BEGIN|[148]|fields|Map<String,Schema.SObjectField>|true|false
17:32:07.3 (952581011)|VARIABLE_ASSIGNMENT|[148]|fields|"{accountid=AccountId, assistantname=AssistantName, assistantphone=AssistantPhone, birthdate=Birthdate, cleanstatus=CleanStatus, contactlink__c=ContactLink__c, createdbyid=CreatedById, createddate=CreatedDate, department=Department, description=Description, ...}"|0x6fb0e2e5
17:32:07.3 (952594955)|STATEMENT_EXECUTE|[149]
17:32:07.3 (952615441)|METHOD_ENTRY|[149]|01pR0000000nR9p|FlowUtility.toJSONList(List<SObject>)
17:32:07.3 (952683880)|VARIABLE_SCOPE_BEGIN|[39]|this|FlowUtility|true|false
17:32:07.3 (952713313)|VARIABLE_ASSIGNMENT|[39]|this|{}|0x6e844578
17:32:07.3 (952722196)|VARIABLE_SCOPE_BEGIN|[39]|objects|List<SObject>|true|false
17:32:07.3 (952747477)|VARIABLE_ASSIGNMENT|[39]|objects|[{"Name":"Jack Rogers","Email":"jrogers@burlington.c (2 more) ...","Phone":"(336) 222-7000","AccountId":"001R000001JeJZaIAN","Id":"003R000001JgwVeIAJ"}]|0x4be729b7
17:32:07.3 (952765333)|HEAP_ALLOCATE|[40]|Bytes:5
17:32:07.3 (952772961)|STATEMENT_EXECUTE|[39]
17:32:07.3 (952775229)|STATEMENT_EXECUTE|[40]
17:32:07.3 (952845616)|HEAP_ALLOCATE|[40]|Bytes:24
17:32:07.3 (952876742)|SYSTEM_METHOD_ENTRY|[1]|JSON.JSON()
17:32:07.3 (952883815)|STATEMENT_EXECUTE|[1]
17:32:07.3 (952896916)|SYSTEM_METHOD_EXIT|[1]|JSON
17:32:07.3 (952914549)|METHOD_ENTRY|[40]||System.JSON.serialize(Object)
17:32:07.3 (953404201)|METHOD_EXIT|[40]||System.JSON.serialize(Object)
17:32:07.3 (953417728)|VARIABLE_SCOPE_BEGIN|[40]|jsonStringObjects|String|false|false
17:32:07.3 (953435292)|VARIABLE_ASSIGNMENT|[40]|jsonStringObjects|"[{\"attributes\":{\"typ (218 more) ..."
17:32:07.3 (953441392)|STATEMENT_EXECUTE|[41]
17:32:07.3 (953456661)|METHOD_ENTRY|[41]||System.JSON.deserializeUntyped(String)
17:32:07.3 (954346620)|METHOD_EXIT|[41]||System.JSON.deserializeUntyped(String)
17:32:07.3 (954364085)|VARIABLE_SCOPE_BEGIN|[41]|jsonObjects|List<ANY>|true|false
17:32:07.3 (954394584)|HEAP_ALLOCATE|[EXTERNAL]|Bytes:8
17:32:07.3 (954414741)|VARIABLE_ASSIGNMENT|[41]|jsonObjects|["Map of size 6 too large to display"]|0xb298850
17:32:07.3 (954468219)|HEAP_ALLOCATE|[43]|Bytes:5
17:32:07.3 (954499122)|HEAP_ALLOCATE|[43]|Bytes:28
17:32:07.3 (954516918)|VARIABLE_SCOPE_BEGIN|[43]|jsObj|Object|false|false
17:32:07.3 (954537611)|VARIABLE_ASSIGNMENT|[43]|jsObj|"Map of size 6 too large to display"
17:32:07.3 (954544691)|STATEMENT_EXECUTE|[43]
17:32:07.3 (954546742)|STATEMENT_EXECUTE|[44]
17:32:07.3 (954553726)|HEAP_ALLOCATE|[44]|Bytes:9
17:32:07.3 (954582397)|METHOD_ENTRY|[44]|01pR0000000nR9p|FlowUtility.addFieldToJSONObject(Map<String,ANY>, String, Object)
17:32:07.3 (954628865)|VARIABLE_SCOPE_BEGIN|[3]|this|FlowUtility|true|false
17:32:07.3 (954652344)|VARIABLE_ASSIGNMENT|[3]|this|{}|0x6e844578
17:32:07.3 (954660921)|VARIABLE_SCOPE_BEGIN|[3]|jsonObject|Map<String,ANY>|true|false
17:32:07.3 (954675954)|VARIABLE_ASSIGNMENT|[3]|jsonObject|"Map of size 6 too large to display"|0x38f27a74
17:32:07.3 (954683171)|VARIABLE_SCOPE_BEGIN|[3]|fieldNameToAdd|String|false|false
17:32:07.3 (954698093)|VARIABLE_ASSIGNMENT|[3]|fieldNameToAdd|"NameField"
17:32:07.3 (954713665)|VARIABLE_SCOPE_BEGIN|[3]|valueToAdd|Object|false|false
17:32:07.3 (954724929)|VARIABLE_ASSIGNMENT|[3]|valueToAdd|true
17:32:07.3 (954741946)|HEAP_ALLOCATE|[4]|Bytes:5
17:32:07.3 (954751708)|STATEMENT_EXECUTE|[3]
17:32:07.3 (954755126)|STATEMENT_EXECUTE|[4]
17:32:07.3 (954794077)|HEAP_ALLOCATE|[4]|Bytes:5
17:32:07.3 (954807018)|HEAP_ALLOCATE|[EXTERNAL]|Bytes:-4
17:32:07.3 (954828266)|METHOD_EXIT|[44]|01pR0000000nR9p|FlowUtility.addFieldToJSONObject(Map<String,ANY>, String, Object)
17:32:07.3 (954835486)|STATEMENT_EXECUTE|[45]
17:32:07.3 (954842030)|VARIABLE_SCOPE_BEGIN|[45]|jsObjectMap|Map<String,ANY>|true|false
17:32:07.3 (954859656)|VARIABLE_ASSIGNMENT|[45]|jsObjectMap|"Map of size 7 too large to display"|0x38f27a74
17:32:07.3 (954866036)|STATEMENT_EXECUTE|[46]
17:32:07.3 (954900685)|HEAP_ALLOCATE|[46]|Bytes:5
17:32:07.3 (954928256)|HEAP_ALLOCATE|[43]|Bytes:5
17:32:07.3 (954951731)|VARIABLE_ASSIGNMENT|[43]|jsObj|null
17:32:07.3 (954959243)|STATEMENT_EXECUTE|[48]
17:32:07.3 (954969356)|METHOD_EXIT|[149]|01pR0000000nR9p|FlowUtility.toJSONList(List<SObject>)
17:32:07.3 (954978009)|VARIABLE_SCOPE_BEGIN|[149]|jsonRecords|List<ANY>|true|false
17:32:07.3 (954995925)|VARIABLE_ASSIGNMENT|[149]|jsonRecords|["Map of size 7 too large to display"]|0xb298850
17:32:07.3 (955002852)|STATEMENT_EXECUTE|[151]
17:32:07.3 (955019756)|HEAP_ALLOCATE|[151]|Bytes:24
17:32:07.3 (955052943)|METHOD_ENTRY|[151]|01pR0000000nR9p|FlowUtility.getNameFields(SObject, Map<String,Schema.SObjectField>)
17:32:07.3 (955434105)|VARIABLE_SCOPE_BEGIN|[51]|this|FlowUtility|true|false
17:32:07.3 (955459776)|VARIABLE_ASSIGNMENT|[51]|this|{}|0x6e844578
17:32:07.3 (955468501)|VARIABLE_SCOPE_BEGIN|[51]|obj|SObject|true|false
17:32:07.3 (955491744)|VARIABLE_ASSIGNMENT|[51]|obj|{"Name":"Jack Rogers","Email":"jrogers@burlington.c (2 more) ...","Phone":"(336) 222-7000","AccountId":"001R000001JeJZaIAN","Id":"003R000001JgwVeIAJ"}|0x8d74490
17:32:07.3 (955500965)|VARIABLE_SCOPE_BEGIN|[51]|fields|Map<String,Schema.SObjectField>|true|false
17:32:07.3 (955706028)|VARIABLE_ASSIGNMENT|[51]|fields|"{accountid=AccountId, assistantname=AssistantName, assistantphone=AssistantPhone, birthdate=Birthdate, cleanstatus=CleanStatus, contactlink__c=ContactLink__c, createdbyid=CreatedById, createddate=CreatedDate, department=Department, description=Description, ...}"|0x6fb0e2e5
17:32:07.3 (955735346)|HEAP_ALLOCATE|[52]|Bytes:5
17:32:07.3 (955749824)|STATEMENT_EXECUTE|[51]
17:32:07.3 (955754292)|STATEMENT_EXECUTE|[52]
17:32:07.3 (955910366)|HEAP_ALLOCATE|[52]|Bytes:24
17:32:07.3 (955937002)|VARIABLE_SCOPE_BEGIN|[52]|flds|Map<String,ANY>|true|false
17:32:07.3 (956037738)|VARIABLE_ASSIGNMENT|[52]|flds|"{AccountId=001R000001JeJZaIAN, Email=jrogers@burlington.com, Id=003R000001JgwVeIAJ, Name=Jack Rogers, Phone=(336) 222-7000}"|0x32aec4dc
17:32:07.3 (956051611)|STATEMENT_EXECUTE|[53]
17:32:07.3 (956067212)|HEAP_ALLOCATE|[53]|Bytes:4
17:32:07.3 (956096556)|VARIABLE_SCOPE_BEGIN|[53]|nameFields|Map<String,FlowUtility.NameField>|true|false
17:32:07.3 (956115520)|VARIABLE_ASSIGNMENT|[53]|nameFields|{}|0x19a43927
17:32:07.3 (956133424)|HEAP_ALLOCATE|[54]|Bytes:4
17:32:07.3 (956209928)|HEAP_ALLOCATE|[54]|Bytes:49
17:32:07.3 (956244896)|HEAP_ALLOCATE|[54]|Bytes:20
17:32:07.3 (956298448)|HEAP_ALLOCATE|[54]|Bytes:5
17:32:07.3 (956322339)|VARIABLE_SCOPE_BEGIN|[54]|fieldName|String|false|false
17:32:07.3 (956337372)|VARIABLE_ASSIGNMENT|[54]|fieldName|"Name"
17:32:07.3 (956343690)|STATEMENT_EXECUTE|[54]
17:32:07.3 (956345673)|STATEMENT_EXECUTE|[56]
17:32:07.3 (956399976)|VARIABLE_SCOPE_BEGIN|[56]|field|Schema.SObjectField|true|false
17:32:07.3 (956498460)|VARIABLE_ASSIGNMENT|[56]|field|"common.apex.runtime.impl.ApexFieldToken@60df840c"|0x60df840c
17:32:07.3 (956512966)|STATEMENT_EXECUTE|[57]
17:32:07.3 (956856904)|HEAP_ALLOCATE|[57]|Bytes:8
17:32:07.3 (956896007)|VARIABLE_SCOPE_BEGIN|[57]|dfr|Schema.DescribeFieldResult|true|false
17:32:07.3 (957007739)|VARIABLE_ASSIGNMENT|[57]|dfr|"common.api.soap.wsdl.Field@5cfb173c"|0x416b0718
17:32:07.3 (957038197)|STATEMENT_EXECUTE|[58]
17:32:07.3 (957040528)|STATEMENT_EXECUTE|[59]
17:32:07.3 (957079936)|HEAP_ALLOCATE|[59]|Bytes:3
17:32:07.3 (957107035)|HEAP_ALLOCATE|[59]|Bytes:16
17:32:07.3 (957124959)|HEAP_ALLOCATE|[59]|Bytes:4
17:32:07.3 (957133534)|HEAP_ALLOCATE|[59]|Bytes:9
17:32:07.3 (957250935)|HEAP_ALLOCATE|[59]|Bytes:7
17:32:07.3 (957294022)|HEAP_ALLOCATE|[59]|Bytes:7
17:32:07.3 (957336148)|CONSTRUCTOR_ENTRY|[59]|01pR0000000nR9p|<init>(String,String,String)|FlowUtility.NameField
17:32:07.3 (957362922)|VARIABLE_SCOPE_BEGIN|[295]|this|FlowUtility.NameField|true|false
17:32:07.3 (957407522)|VARIABLE_ASSIGNMENT|[295]|this|{}|0x762bb014
17:32:07.3 (957423798)|VARIABLE_SCOPE_BEGIN|[295]|n|String|false|false
17:32:07.3 (957442141)|VARIABLE_ASSIGNMENT|[295]|n|"Name"
17:32:07.3 (957453455)|VARIABLE_SCOPE_BEGIN|[295]|t|String|false|false
17:32:07.3 (957471476)|VARIABLE_ASSIGNMENT|[295]|t|"NAMEFIELD"
17:32:07.3 (957483696)|VARIABLE_SCOPE_BEGIN|[295]|sobjType|String|false|false
17:32:07.3 (957500906)|VARIABLE_ASSIGNMENT|[295]|sobjType|"Contact"
17:32:07.3 (957511109)|STATEMENT_EXECUTE|[290]
17:32:07.3 (957514221)|STATEMENT_EXECUTE|[291]
17:32:07.3 (957516942)|STATEMENT_EXECUTE|[292]
17:32:07.3 (957519342)|STATEMENT_EXECUTE|[293]
17:32:07.3 (957552650)|STATEMENT_EXECUTE|[295]
17:32:07.3 (957556949)|STATEMENT_EXECUTE|[296]
17:32:07.3 (957582166)|VARIABLE_ASSIGNMENT|[296]|this.name|"Name"|0x762bb014
17:32:07.3 (957595609)|STATEMENT_EXECUTE|[297]
17:32:07.3 (957612090)|VARIABLE_ASSIGNMENT|[297]|this.type|"NAMEFIELD"|0x762bb014
17:32:07.3 (957623443)|STATEMENT_EXECUTE|[298]
17:32:07.3 (957638037)|VARIABLE_ASSIGNMENT|[298]|this.objectType|"Contact"|0x762bb014
17:32:07.3 (957663589)|CONSTRUCTOR_EXIT|[59]|01pR0000000nR9p|<init>(String,String,String)|FlowUtility.NameField
17:32:07.3 (957701089)|HEAP_ALLOCATE|[EXTERNAL]|Bytes:-4
17:32:07.3 (957739352)|HEAP_ALLOCATE|[54]|Bytes:5
17:32:07.3 (957773612)|VARIABLE_SCOPE_BEGIN|[54]|fieldName|String|false|false
17:32:07.3 (957795191)|VARIABLE_ASSIGNMENT|[54]|fieldName|"Email"
17:32:07.3 (957801577)|STATEMENT_EXECUTE|[54]
17:32:07.3 (957803628)|STATEMENT_EXECUTE|[56]
17:32:07.3 (957824996)|VARIABLE_SCOPE_BEGIN|[56]|field|Schema.SObjectField|true|false
17:32:07.3 (957909091)|VARIABLE_ASSIGNMENT|[56]|field|"common.apex.runtime.impl.ApexFieldToken@65f5872c"|0x65f5872c
17:32:07.3 (957920771)|STATEMENT_EXECUTE|[57]
17:32:07.3 (958276697)|HEAP_ALLOCATE|[57]|Bytes:8
17:32:07.3 (958296359)|VARIABLE_SCOPE_BEGIN|[57]|dfr|Schema.DescribeFieldResult|true|false
17:32:07.3 (958384661)|VARIABLE_ASSIGNMENT|[57]|dfr|"common.api.soap.wsdl.Field@26ca801c"|0x579e878f
17:32:07.3 (959481820)|HEAP_ALLOCATE|[60]|Bytes:12
17:32:07.3 (959543335)|HEAP_ALLOCATE|[60]|Bytes:5
17:32:07.3 (959569742)|HEAP_ALLOCATE|[60]|Bytes:5
17:32:07.3 (959602962)|STATEMENT_EXECUTE|[58]
17:32:07.3 (959619102)|HEAP_ALLOCATE|[54]|Bytes:5
17:32:07.3 (959639209)|VARIABLE_SCOPE_BEGIN|[54]|fieldName|String|false|false
17:32:07.3 (959654394)|VARIABLE_ASSIGNMENT|[54]|fieldName|"Phone"
17:32:07.3 (959660290)|STATEMENT_EXECUTE|[54]
17:32:07.3 (959662280)|STATEMENT_EXECUTE|[56]
17:32:07.3 (959682101)|VARIABLE_SCOPE_BEGIN|[56]|field|Schema.SObjectField|true|false
17:32:07.3 (959765785)|VARIABLE_ASSIGNMENT|[56]|field|"common.apex.runtime.impl.ApexFieldToken@58174e0e"|0x58174e0e
17:32:07.3 (959777418)|STATEMENT_EXECUTE|[57]
17:32:07.3 (959958070)|HEAP_ALLOCATE|[57]|Bytes:8
17:32:07.3 (959976328)|VARIABLE_SCOPE_BEGIN|[57]|dfr|Schema.DescribeFieldResult|true|false
17:32:07.3 (960062565)|VARIABLE_ASSIGNMENT|[57]|dfr|"common.api.soap.wsdl.Field@b08c02c0"|0x5291f970
17:32:07.3 (960099308)|HEAP_ALLOCATE|[60]|Bytes:12
17:32:07.3 (960130507)|HEAP_ALLOCATE|[60]|Bytes:5
17:32:07.3 (960150308)|HEAP_ALLOCATE|[60]|Bytes:5
17:32:07.3 (960166238)|STATEMENT_EXECUTE|[58]
17:32:07.3 (960181459)|HEAP_ALLOCATE|[54]|Bytes:5
17:32:07.3 (960200217)|VARIABLE_SCOPE_BEGIN|[54]|fieldName|String|false|false
17:32:07.3 (960215907)|VARIABLE_ASSIGNMENT|[54]|fieldName|"AccountId"
17:32:07.3 (960221793)|STATEMENT_EXECUTE|[54]
17:32:07.3 (960223732)|STATEMENT_EXECUTE|[56]
17:32:07.3 (960243300)|VARIABLE_SCOPE_BEGIN|[56]|field|Schema.SObjectField|true|false
17:32:07.3 (960322142)|VARIABLE_ASSIGNMENT|[56]|field|"common.apex.runtime.impl.ApexFieldToken@3094ba12"|0x3094ba12
17:32:07.3 (960333819)|STATEMENT_EXECUTE|[57]
17:32:07.3 (960639005)|HEAP_ALLOCATE|[57]|Bytes:8
17:32:07.3 (960657038)|VARIABLE_SCOPE_BEGIN|[57]|dfr|Schema.DescribeFieldResult|true|false
17:32:07.3 (960748505)|VARIABLE_ASSIGNMENT|[57]|dfr|"common.api.soap.wsdl.Field@11ca2cf9"|0x72e159ca
17:32:07.3 (960783850)|HEAP_ALLOCATE|[60]|Bytes:12
17:32:07.3 (960814895)|HEAP_ALLOCATE|[60]|Bytes:9
17:32:07.3 (960834492)|HEAP_ALLOCATE|[60]|Bytes:9
17:32:07.3 (960852579)|STATEMENT_EXECUTE|[60]
17:32:07.3 (960855081)|STATEMENT_EXECUTE|[62]
17:32:07.3 (960861270)|HEAP_ALLOCATE|[62]|Bytes:16
17:32:07.3 (960878120)|HEAP_ALLOCATE|[62]|Bytes:9
17:32:07.3 (960901658)|HEAP_ALLOCATE|[62]|Bytes:12
17:32:07.3 (960951235)|HEAP_ALLOCATE|[62]|Bytes:9
17:32:07.3 (960975311)|HEAP_ALLOCATE|[62]|Bytes:9
17:32:07.3 (961018771)|HEAP_ALLOCATE|[EXTERNAL]|Bytes:8
17:32:07.3 (961051203)|HEAP_ALLOCATE|[62]|Bytes:8
17:32:07.3 (961082556)|HEAP_ALLOCATE|[62]|Bytes:9
17:32:07.3 (961102791)|HEAP_ALLOCATE|[62]|Bytes:9
17:32:07.3 (961118965)|CONSTRUCTOR_ENTRY|[62]|01pR0000000nR9p|<init>(String,String,String)|FlowUtility.NameField
17:32:07.3 (961128823)|VARIABLE_SCOPE_BEGIN|[295]|this|FlowUtility.NameField|true|false
17:32:07.3 (961153606)|VARIABLE_ASSIGNMENT|[295]|this|{}|0x1314eeb0
17:32:07.3 (961161103)|VARIABLE_SCOPE_BEGIN|[295]|n|String|false|false
17:32:07.3 (961172211)|VARIABLE_ASSIGNMENT|[295]|n|"AccountId"
17:32:07.3 (961177053)|VARIABLE_SCOPE_BEGIN|[295]|t|String|false|false
17:32:07.3 (961186266)|VARIABLE_ASSIGNMENT|[295]|t|"REFERENCE"
17:32:07.3 (961190491)|VARIABLE_SCOPE_BEGIN|[295]|sobjType|String|false|false
17:32:07.3 (961199453)|VARIABLE_ASSIGNMENT|[295]|sobjType|"(Account)"
17:32:07.3 (961205480)|STATEMENT_EXECUTE|[290]
17:32:07.3 (961207741)|STATEMENT_EXECUTE|[291]
17:32:07.3 (961209539)|STATEMENT_EXECUTE|[292]
17:32:07.3 (961211212)|STATEMENT_EXECUTE|[293]
17:32:07.3 (961228063)|STATEMENT_EXECUTE|[295]
17:32:07.3 (961230385)|STATEMENT_EXECUTE|[296]
17:32:07.3 (961240818)|VARIABLE_ASSIGNMENT|[296]|this.name|"AccountId"|0x1314eeb0
17:32:07.3 (961248439)|STATEMENT_EXECUTE|[297]
17:32:07.3 (961255378)|VARIABLE_ASSIGNMENT|[297]|this.type|"REFERENCE"|0x1314eeb0
17:32:07.3 (961260810)|STATEMENT_EXECUTE|[298]
17:32:07.3 (961266923)|VARIABLE_ASSIGNMENT|[298]|this.objectType|"(Account)"|0x1314eeb0
17:32:07.3 (961279721)|CONSTRUCTOR_EXIT|[62]|01pR0000000nR9p|<init>(String,String,String)|FlowUtility.NameField
17:32:07.3 (961298600)|HEAP_ALLOCATE|[EXTERNAL]|Bytes:-4
17:32:07.3 (961318694)|HEAP_ALLOCATE|[54]|Bytes:5
17:32:07.3 (961336601)|VARIABLE_SCOPE_BEGIN|[54]|fieldName|String|false|false
17:32:07.3 (961351447)|VARIABLE_ASSIGNMENT|[54]|fieldName|"Id"
17:32:07.3 (961357239)|STATEMENT_EXECUTE|[54]
17:32:07.3 (961359181)|STATEMENT_EXECUTE|[56]
17:32:07.3 (961378184)|VARIABLE_SCOPE_BEGIN|[56]|field|Schema.SObjectField|true|false
17:32:07.3 (961451771)|VARIABLE_ASSIGNMENT|[56]|field|"common.apex.runtime.impl.ApexFieldToken@f17646a"|0xf17646a
17:32:07.3 (961463109)|STATEMENT_EXECUTE|[57]
17:32:07.3 (961611248)|HEAP_ALLOCATE|[57]|Bytes:8
17:32:07.3 (961628952)|VARIABLE_SCOPE_BEGIN|[57]|dfr|Schema.DescribeFieldResult|true|false
17:32:07.3 (961728576)|VARIABLE_ASSIGNMENT|[57]|dfr|"common.api.soap.wsdl.Field@ffad0c85"|0x258e74a1
17:32:07.3 (961762553)|HEAP_ALLOCATE|[60]|Bytes:12
17:32:07.3 (961793296)|HEAP_ALLOCATE|[60]|Bytes:2
17:32:07.3 (961813333)|HEAP_ALLOCATE|[60]|Bytes:2
17:32:07.3 (961829211)|STATEMENT_EXECUTE|[58]
17:32:07.3 (961844814)|HEAP_ALLOCATE|[54]|Bytes:5
17:32:07.3 (961864014)|VARIABLE_ASSIGNMENT|[54]|fieldName|null
17:32:07.3 (961870321)|STATEMENT_EXECUTE|[65]
17:32:07.3 (961884936)|METHOD_EXIT|[151]|01pR0000000nR9p|FlowUtility.getNameFields(SObject, Map<String,Schema.SObjectField>)
17:32:07.3 (961894193)|VARIABLE_SCOPE_BEGIN|[151]|nameFields|Map<String,FlowUtility.NameField>|true|false
17:32:07.3 (961942474)|VARIABLE_ASSIGNMENT|[151]|nameFields|{"Name":{"name":"Name","objectType":"Contact","type":"NAMEFIELD"},"AccountId":{"name":"AccountId","objectType":"(Account)","type":"REFERENCE"}}|0x19a43927
17:32:07.3 (961986755)|STATEMENT_EXECUTE|[152]
17:32:07.3 (961989991)|STATEMENT_EXECUTE|[153]
17:32:07.3 (961994849)|HEAP_ALLOCATE|[153]|Bytes:37
17:32:07.3 (962087547)|HEAP_ALLOCATE|[153]|Bytes:140
17:32:07.3 (962115651)|HEAP_ALLOCATE|[153]|Bytes:177
17:32:07.3 (962141112)|USER_DEBUG|[153]|DEBUG|Here is what is in our nameFields: 

{AccountId=NameField:[name=AccountId, objectType=(Account), type=REFERENCE], Name=NameField:[name=Name, objectType=Contact, type=NAMEFIELD]}
17:32:07.3 (962153249)|STATEMENT_EXECUTE|[154]
17:32:07.3 (962172080)|HEAP_ALLOCATE|[154]|Bytes:24
17:32:07.3 (962208270)|METHOD_ENTRY|[154]|01pR0000000nR9p|FlowUtility.getColumns(SObject, Map<String,Schema.SObjectField>)
17:32:07.3 (962521214)|VARIABLE_SCOPE_BEGIN|[72]|this|FlowUtility|true|false
17:32:07.3 (962546248)|VARIABLE_ASSIGNMENT|[72]|this|{}|0x6e844578
17:32:07.3 (962554474)|VARIABLE_SCOPE_BEGIN|[72]|obj|SObject|true|false
17:32:07.3 (962579540)|VARIABLE_ASSIGNMENT|[72]|obj|{"Name":"Jack Rogers","Email":"jrogers@burlington.c (2 more) ...","Phone":"(336) 222-7000","AccountId":"001R000001JeJZaIAN","Id":"003R000001JgwVeIAJ"}|0x8d74490
17:32:07.3 (962588613)|VARIABLE_SCOPE_BEGIN|[72]|fields|Map<String,Schema.SObjectField>|true|false
17:32:07.3 (962778127)|VARIABLE_ASSIGNMENT|[72]|fields|"{accountid=AccountId, assistantname=AssistantName, assistantphone=AssistantPhone, birthdate=Birthdate, cleanstatus=CleanStatus, contactlink__c=ContactLink__c, createdbyid=CreatedById, createddate=CreatedDate, department=Department, description=Description, ...}"|0x6fb0e2e5
17:32:07.3 (962800571)|HEAP_ALLOCATE|[73]|Bytes:5
17:32:07.3 (962808321)|STATEMENT_EXECUTE|[72]
17:32:07.3 (962810506)|STATEMENT_EXECUTE|[73]
17:32:07.3 (962937671)|HEAP_ALLOCATE|[73]|Bytes:24
17:32:07.3 (962963371)|VARIABLE_SCOPE_BEGIN|[73]|fieldMap|Map<String,ANY>|true|false
17:32:07.3 (963059717)|VARIABLE_ASSIGNMENT|[73]|fieldMap|"{AccountId=001R000001JeJZaIAN, Email=jrogers@burlington.com, Id=003R000001JgwVeIAJ, Name=Jack Rogers, Phone=(336) 222-7000}"|0x64a1a33f
17:32:07.3 (963072872)|STATEMENT_EXECUTE|[74]
17:32:07.3 (963086218)|HEAP_ALLOCATE|[74]|Bytes:4
17:32:07.3 (963149999)|VARIABLE_SCOPE_BEGIN|[74]|cols|List<FlowUtility.Column>|true|false
17:32:07.3 (963174734)|HEAP_ALLOCATE|[EXTERNAL]|Bytes:4
17:32:07.3 (963188640)|VARIABLE_ASSIGNMENT|[74]|cols|[]|0x2e7af7b6
17:32:07.3 (963204913)|HEAP_ALLOCATE|[75]|Bytes:4
17:32:07.3 (963265428)|HEAP_ALLOCATE|[75]|Bytes:49
17:32:07.3 (963293489)|HEAP_ALLOCATE|[75]|Bytes:20
17:32:07.3 (963325154)|HEAP_ALLOCATE|[75]|Bytes:5
17:32:07.3 (963344636)|VARIABLE_SCOPE_BEGIN|[75]|fieldName|String|false|false
17:32:07.3 (963359020)|VARIABLE_ASSIGNMENT|[75]|fieldName|"Name"
17:32:07.3 (963364872)|STATEMENT_EXECUTE|[75]
17:32:07.3 (963367038)|STATEMENT_EXECUTE|[76]
17:32:07.3 (963411870)|VARIABLE_SCOPE_BEGIN|[76]|f|Object|false|false
17:32:07.3 (963443534)|VARIABLE_ASSIGNMENT|[76]|f|"Jack Rogers"
17:32:07.3 (963452937)|HEAP_ALLOCATE|[77]|Bytes:2
17:32:07.3 (963471239)|STATEMENT_EXECUTE|[77]
17:32:07.3 (963473642)|STATEMENT_EXECUTE|[78]
17:32:07.3 (963516215)|HEAP_ALLOCATE|[78]|Bytes:3
17:32:07.3 (963539636)|HEAP_ALLOCATE|[78]|Bytes:20
17:32:07.3 (963629348)|HEAP_ALLOCATE|[78]|Bytes:8
17:32:07.3 (963654389)|HEAP_ALLOCATE|[78]|Bytes:9
17:32:07.3 (963727166)|HEAP_ALLOCATE|[78]|Bytes:8
17:32:07.3 (963762209)|HEAP_ALLOCATE|[78]|Bytes:12
17:32:07.3 (963785786)|METHOD_ENTRY|[78]|01pR0000000nR9p|FlowUtility.lookupTypeAssociation(Schema.DisplayType)
17:32:07.3 (963853093)|VARIABLE_SCOPE_BEGIN|[7]|this|FlowUtility|true|false
17:32:07.3 (963875444)|VARIABLE_ASSIGNMENT|[7]|this|{}|0x6e844578
17:32:07.3 (963883024)|VARIABLE_SCOPE_BEGIN|[7]|t|Schema.DisplayType|true|false
17:32:07.3 (963904312)|VARIABLE_ASSIGNMENT|[7]|t|"STRING"|0x1a69a6ea
17:32:07.3 (963919525)|HEAP_ALLOCATE|[8]|Bytes:5
17:32:07.3 (963927097)|STATEMENT_EXECUTE|[7]
17:32:07.3 (963929484)|STATEMENT_EXECUTE|[8]
17:32:07.3 (964066617)|STATEMENT_EXECUTE|[12]
17:32:07.3 (964070898)|STATEMENT_EXECUTE|[13]
17:32:07.3 (964075075)|HEAP_ALLOCATE|[13]|Bytes:4
17:32:07.3 (964091503)|METHOD_EXIT|[78]|01pR0000000nR9p|FlowUtility.lookupTypeAssociation(Schema.DisplayType)
17:32:07.3 (964104631)|HEAP_ALLOCATE|[78]|Bytes:4
17:32:07.3 (964127887)|CONSTRUCTOR_ENTRY|[78]|01pR0000000nR9p|<init>(String,String,String)|FlowUtility.Column
17:32:07.3 (964143321)|VARIABLE_SCOPE_BEGIN|[362]|this|FlowUtility.Column|true|false
17:32:07.3 (964176698)|VARIABLE_ASSIGNMENT|[362]|this|{}|0xa06d855
17:32:07.3 (964186880)|VARIABLE_SCOPE_BEGIN|[362]|fldName|String|false|false
17:32:07.3 (964198318)|VARIABLE_ASSIGNMENT|[362]|fldName|"Name"
17:32:07.3 (964203898)|VARIABLE_SCOPE_BEGIN|[362]|lbl|String|false|false
17:32:07.3 (964213517)|VARIABLE_ASSIGNMENT|[362]|lbl|"Full Name"
17:32:07.3 (964218461)|VARIABLE_SCOPE_BEGIN|[362]|fldType|String|false|false
17:32:07.3 (964227561)|VARIABLE_ASSIGNMENT|[362]|fldType|"text"
17:32:07.3 (964233476)|STATEMENT_EXECUTE|[356]
17:32:07.3 (964235573)|STATEMENT_EXECUTE|[357]
17:32:07.3 (964237493)|STATEMENT_EXECUTE|[358]
17:32:07.3 (964239127)|STATEMENT_EXECUTE|[359]
17:32:07.3 (964240693)|STATEMENT_EXECUTE|[360]
17:32:07.3 (964258276)|STATEMENT_EXECUTE|[362]
17:32:07.3 (964260529)|STATEMENT_EXECUTE|[363]
17:32:07.3 (964271340)|VARIABLE_ASSIGNMENT|[363]|this.fieldName|"Name"|0xa06d855
17:32:07.3 (964278770)|STATEMENT_EXECUTE|[364]
17:32:07.3 (964286188)|VARIABLE_ASSIGNMENT|[364]|this.label|"Full Name"|0xa06d855
17:32:07.3 (964292236)|STATEMENT_EXECUTE|[365]
17:32:07.3 (964299084)|VARIABLE_ASSIGNMENT|[365]|this.type|"text"|0xa06d855
17:32:07.3 (964311806)|CONSTRUCTOR_EXIT|[78]|01pR0000000nR9p|<init>(String,String,String)|FlowUtility.Column
17:32:07.3 (964333189)|HEAP_ALLOCATE|[EXTERNAL]|Bytes:4
17:32:07.3 (964353928)|HEAP_ALLOCATE|[75]|Bytes:5
17:32:07.3 (964372780)|VARIABLE_SCOPE_BEGIN|[75]|fieldName|String|false|false
17:32:07.3 (964387024)|VARIABLE_ASSIGNMENT|[75]|fieldName|"Email"
17:32:07.3 (964392987)|STATEMENT_EXECUTE|[75]
17:32:07.3 (964394895)|STATEMENT_EXECUTE|[76]
17:32:07.3 (964415932)|VARIABLE_SCOPE_BEGIN|[76]|f|Object|false|false
17:32:07.3 (964433759)|VARIABLE_ASSIGNMENT|[76]|f|"jrogers@burlington.c (2 more) ..."
17:32:07.3 (964450099)|STATEMENT_EXECUTE|[77]
17:32:07.3 (964452306)|STATEMENT_EXECUTE|[78]
17:32:07.3 (964458038)|HEAP_ALLOCATE|[78]|Bytes:20
17:32:07.3 (964516430)|HEAP_ALLOCATE|[78]|Bytes:8
17:32:07.3 (964535284)|HEAP_ALLOCATE|[78]|Bytes:5
17:32:07.3 (964583763)|HEAP_ALLOCATE|[78]|Bytes:8
17:32:07.3 (964612932)|HEAP_ALLOCATE|[78]|Bytes:12
17:32:07.3 (964628005)|METHOD_ENTRY|[78]|01pR0000000nR9p|FlowUtility.lookupTypeAssociation(Schema.DisplayType)
17:32:07.3 (964636369)|VARIABLE_SCOPE_BEGIN|[7]|this|FlowUtility|true|false
17:32:07.3 (964654985)|VARIABLE_ASSIGNMENT|[7]|this|{}|0x6e844578
17:32:07.3 (964661660)|VARIABLE_SCOPE_BEGIN|[7]|t|Schema.DisplayType|true|false
17:32:07.3 (964679208)|VARIABLE_ASSIGNMENT|[7]|t|"EMAIL"|0x1860d7c5
17:32:07.3 (964700011)|HEAP_ALLOCATE|[8]|Bytes:5
17:32:07.3 (964707467)|STATEMENT_EXECUTE|[7]
17:32:07.3 (964709678)|STATEMENT_EXECUTE|[8]
17:32:07.3 (964733011)|STATEMENT_EXECUTE|[9]
17:32:07.3 (964735608)|STATEMENT_EXECUTE|[10]
17:32:07.3 (964739504)|HEAP_ALLOCATE|[10]|Bytes:5
17:32:07.3 (964752791)|METHOD_EXIT|[78]|01pR0000000nR9p|FlowUtility.lookupTypeAssociation(Schema.DisplayType)
17:32:07.3 (964763194)|HEAP_ALLOCATE|[78]|Bytes:5
17:32:07.3 (964775930)|CONSTRUCTOR_ENTRY|[78]|01pR0000000nR9p|<init>(String,String,String)|FlowUtility.Column
17:32:07.3 (964784425)|VARIABLE_SCOPE_BEGIN|[362]|this|FlowUtility.Column|true|false
17:32:07.3 (964805880)|VARIABLE_ASSIGNMENT|[362]|this|{}|0x295f8454
17:32:07.3 (964812809)|VARIABLE_SCOPE_BEGIN|[362]|fldName|String|false|false
17:32:07.3 (964823213)|VARIABLE_ASSIGNMENT|[362]|fldName|"Email"
17:32:07.3 (964828095)|VARIABLE_SCOPE_BEGIN|[362]|lbl|String|false|false
17:32:07.3 (964835994)|VARIABLE_ASSIGNMENT|[362]|lbl|"Email"
17:32:07.3 (964840688)|VARIABLE_SCOPE_BEGIN|[362]|fldType|String|false|false
17:32:07.3 (964849178)|VARIABLE_ASSIGNMENT|[362]|fldType|"email"
17:32:07.3 (964854786)|STATEMENT_EXECUTE|[356]
17:32:07.3 (964856641)|STATEMENT_EXECUTE|[357]
17:32:07.3 (964858427)|STATEMENT_EXECUTE|[358]
17:32:07.3 (964860039)|STATEMENT_EXECUTE|[359]
17:32:07.3 (964861600)|STATEMENT_EXECUTE|[360]
17:32:07.3 (964876482)|STATEMENT_EXECUTE|[362]
17:32:07.3 (964879352)|STATEMENT_EXECUTE|[363]
17:32:07.3 (964892956)|VARIABLE_ASSIGNMENT|[363]|this.fieldName|"Email"|0x295f8454
17:32:07.3 (964905091)|STATEMENT_EXECUTE|[364]
17:32:07.3 (964919712)|VARIABLE_ASSIGNMENT|[364]|this.label|"Email"|0x295f8454
17:32:07.3 (964930946)|STATEMENT_EXECUTE|[365]
17:32:07.3 (964944178)|VARIABLE_ASSIGNMENT|[365]|this.type|"email"|0x295f8454
17:32:07.3 (964968019)|CONSTRUCTOR_EXIT|[78]|01pR0000000nR9p|<init>(String,String,String)|FlowUtility.Column
17:32:07.3 (964994685)|HEAP_ALLOCATE|[EXTERNAL]|Bytes:4
17:32:07.3 (965024887)|HEAP_ALLOCATE|[75]|Bytes:5
17:32:07.3 (965058511)|VARIABLE_SCOPE_BEGIN|[75]|fieldName|String|false|false
17:32:07.3 (965077648)|VARIABLE_ASSIGNMENT|[75]|fieldName|"Phone"
17:32:07.3 (965083830)|STATEMENT_EXECUTE|[75]
17:32:07.3 (965085783)|STATEMENT_EXECUTE|[76]
17:32:07.3 (965108968)|VARIABLE_SCOPE_BEGIN|[76]|f|Object|false|false
17:32:07.3 (965126383)|VARIABLE_ASSIGNMENT|[76]|f|"(336) 222-7000"
17:32:07.3 (965142724)|STATEMENT_EXECUTE|[77]
17:32:07.3 (965144847)|STATEMENT_EXECUTE|[78]
17:32:07.3 (965150082)|HEAP_ALLOCATE|[78]|Bytes:20
17:32:07.3 (965207458)|HEAP_ALLOCATE|[78]|Bytes:8
17:32:07.3 (965226540)|HEAP_ALLOCATE|[78]|Bytes:14
17:32:07.3 (965274852)|HEAP_ALLOCATE|[78]|Bytes:8
17:32:07.3 (965304293)|HEAP_ALLOCATE|[78]|Bytes:12
17:32:07.3 (965319141)|METHOD_ENTRY|[78]|01pR0000000nR9p|FlowUtility.lookupTypeAssociation(Schema.DisplayType)
17:32:07.3 (965327398)|VARIABLE_SCOPE_BEGIN|[7]|this|FlowUtility|true|false
17:32:07.3 (965345589)|VARIABLE_ASSIGNMENT|[7]|this|{}|0x6e844578
17:32:07.3 (965352282)|VARIABLE_SCOPE_BEGIN|[7]|t|Schema.DisplayType|true|false
17:32:07.3 (965369519)|VARIABLE_ASSIGNMENT|[7]|t|"PHONE"|0x15a7355a
17:32:07.3 (965384306)|HEAP_ALLOCATE|[8]|Bytes:5
17:32:07.3 (965391133)|STATEMENT_EXECUTE|[7]
17:32:07.3 (965393176)|STATEMENT_EXECUTE|[8]
17:32:07.3 (965549277)|STATEMENT_EXECUTE|[18]
17:32:07.3 (965552550)|STATEMENT_EXECUTE|[19]
17:32:07.3 (965556842)|HEAP_ALLOCATE|[19]|Bytes:5
17:32:07.3 (965572338)|METHOD_EXIT|[78]|01pR0000000nR9p|FlowUtility.lookupTypeAssociation(Schema.DisplayType)
17:32:07.3 (965583179)|HEAP_ALLOCATE|[78]|Bytes:5
17:32:07.3 (965596430)|CONSTRUCTOR_ENTRY|[78]|01pR0000000nR9p|<init>(String,String,String)|FlowUtility.Column
17:32:07.3 (965605130)|VARIABLE_SCOPE_BEGIN|[362]|this|FlowUtility.Column|true|false
17:32:07.3 (965626997)|VARIABLE_ASSIGNMENT|[362]|this|{}|0x117b390c
17:32:07.3 (965634222)|VARIABLE_SCOPE_BEGIN|[362]|fldName|String|false|false
17:32:07.3 (965644603)|VARIABLE_ASSIGNMENT|[362]|fldName|"Phone"
17:32:07.3 (965649493)|VARIABLE_SCOPE_BEGIN|[362]|lbl|String|false|false
17:32:07.3 (965658772)|VARIABLE_ASSIGNMENT|[362]|lbl|"Business Phone"
17:32:07.3 (965663283)|VARIABLE_SCOPE_BEGIN|[362]|fldType|String|false|false
17:32:07.3 (965671882)|VARIABLE_ASSIGNMENT|[362]|fldType|"phone"
17:32:07.3 (965677851)|STATEMENT_EXECUTE|[356]
17:32:07.3 (965679762)|STATEMENT_EXECUTE|[357]
17:32:07.3 (965681615)|STATEMENT_EXECUTE|[358]
17:32:07.3 (965683221)|STATEMENT_EXECUTE|[359]
17:32:07.3 (965684792)|STATEMENT_EXECUTE|[360]
17:32:07.3 (965705032)|STATEMENT_EXECUTE|[362]
17:32:07.3 (965707422)|STATEMENT_EXECUTE|[363]
17:32:07.3 (965716800)|VARIABLE_ASSIGNMENT|[363]|this.fieldName|"Phone"|0x117b390c
17:32:07.3 (965724426)|STATEMENT_EXECUTE|[364]
17:32:07.3 (965731203)|VARIABLE_ASSIGNMENT|[364]|this.label|"Business Phone"|0x117b390c
17:32:07.3 (965737356)|STATEMENT_EXECUTE|[365]
17:32:07.3 (965743664)|VARIABLE_ASSIGNMENT|[365]|this.type|"phone"|0x117b390c
17:32:07.3 (965756342)|CONSTRUCTOR_EXIT|[78]|01pR0000000nR9p|<init>(String,String,String)|FlowUtility.Column
17:32:07.3 (965771417)|HEAP_ALLOCATE|[EXTERNAL]|Bytes:4
17:32:07.3 (965790456)|HEAP_ALLOCATE|[75]|Bytes:5
17:32:07.3 (965808657)|VARIABLE_SCOPE_BEGIN|[75]|fieldName|String|false|false
17:32:07.3 (965822501)|VARIABLE_ASSIGNMENT|[75]|fieldName|"AccountId"
17:32:07.3 (965828082)|STATEMENT_EXECUTE|[75]
17:32:07.3 (965829923)|STATEMENT_EXECUTE|[76]
17:32:07.3 (965859291)|VARIABLE_SCOPE_BEGIN|[76]|f|Object|false|false
17:32:07.3 (965964487)|VARIABLE_ASSIGNMENT|[76]|f|"001R000001JeJZaIAN"
17:32:07.3 (965992728)|STATEMENT_EXECUTE|[77]
17:32:07.3 (965996503)|STATEMENT_EXECUTE|[78]
17:32:07.3 (966003842)|HEAP_ALLOCATE|[78]|Bytes:20
17:32:07.3 (966090349)|HEAP_ALLOCATE|[78]|Bytes:8
17:32:07.3 (966119716)|HEAP_ALLOCATE|[78]|Bytes:10
17:32:07.3 (966200456)|HEAP_ALLOCATE|[78]|Bytes:8
17:32:07.3 (966245699)|HEAP_ALLOCATE|[78]|Bytes:12
17:32:07.3 (966270389)|METHOD_ENTRY|[78]|01pR0000000nR9p|FlowUtility.lookupTypeAssociation(Schema.DisplayType)
17:32:07.3 (966284796)|VARIABLE_SCOPE_BEGIN|[7]|this|FlowUtility|true|false
17:32:07.3 (966313863)|VARIABLE_ASSIGNMENT|[7]|this|{}|0x6e844578
17:32:07.3 (966326973)|VARIABLE_SCOPE_BEGIN|[7]|t|Schema.DisplayType|true|false
17:32:07.3 (966353553)|VARIABLE_ASSIGNMENT|[7]|t|"REFERENCE"|0xfbb1a19
17:32:07.3 (966376777)|HEAP_ALLOCATE|[8]|Bytes:5
17:32:07.3 (966388760)|STATEMENT_EXECUTE|[7]
17:32:07.3 (966391756)|STATEMENT_EXECUTE|[8]
17:32:07.3 (966809602)|STATEMENT_EXECUTE|[33]
17:32:07.3 (966813197)|STATEMENT_EXECUTE|[34]
17:32:07.3 (966823557)|METHOD_EXIT|[78]|01pR0000000nR9p|FlowUtility.lookupTypeAssociation(Schema.DisplayType)
17:32:07.3 (966837744)|HEAP_ALLOCATE|[78]|Bytes:4
17:32:07.3 (966852041)|CONSTRUCTOR_ENTRY|[78]|01pR0000000nR9p|<init>(String,String,String)|FlowUtility.Column
17:32:07.3 (966860869)|VARIABLE_SCOPE_BEGIN|[362]|this|FlowUtility.Column|true|false
17:32:07.3 (966883191)|VARIABLE_ASSIGNMENT|[362]|this|{}|0x5a13429e
17:32:07.3 (966890319)|VARIABLE_SCOPE_BEGIN|[362]|fldName|String|false|false
17:32:07.3 (966901563)|VARIABLE_ASSIGNMENT|[362]|fldName|"AccountId"
17:32:07.3 (966906203)|VARIABLE_SCOPE_BEGIN|[362]|lbl|String|false|false
17:32:07.3 (966916112)|VARIABLE_ASSIGNMENT|[362]|lbl|"Account ID"
17:32:07.3 (966920793)|VARIABLE_SCOPE_BEGIN|[362]|fldType|String|false|false
17:32:07.3 (966928907)|VARIABLE_ASSIGNMENT|[362]|fldType|"text"
17:32:07.3 (966934597)|STATEMENT_EXECUTE|[356]
17:32:07.3 (966936568)|STATEMENT_EXECUTE|[357]
17:32:07.3 (966938327)|STATEMENT_EXECUTE|[358]
17:32:07.3 (966939992)|STATEMENT_EXECUTE|[359]
17:32:07.3 (966941609)|STATEMENT_EXECUTE|[360]
17:32:07.3 (966956565)|STATEMENT_EXECUTE|[362]
17:32:07.3 (966958888)|STATEMENT_EXECUTE|[363]
17:32:07.3 (966968293)|VARIABLE_ASSIGNMENT|[363]|this.fieldName|"AccountId"|0x5a13429e
17:32:07.3 (966975428)|STATEMENT_EXECUTE|[364]
17:32:07.3 (966982398)|VARIABLE_ASSIGNMENT|[364]|this.label|"Account ID"|0x5a13429e
17:32:07.3 (966988089)|STATEMENT_EXECUTE|[365]
17:32:07.3 (966994366)|VARIABLE_ASSIGNMENT|[365]|this.type|"text"|0x5a13429e
17:32:07.3 (967007116)|CONSTRUCTOR_EXIT|[78]|01pR0000000nR9p|<init>(String,String,String)|FlowUtility.Column
17:32:07.3 (967022688)|HEAP_ALLOCATE|[EXTERNAL]|Bytes:4
17:32:07.3 (967042028)|HEAP_ALLOCATE|[75]|Bytes:5
17:32:07.3 (967060559)|VARIABLE_SCOPE_BEGIN|[75]|fieldName|String|false|false
17:32:07.3 (967073975)|VARIABLE_ASSIGNMENT|[75]|fieldName|"Id"
17:32:07.3 (967080357)|STATEMENT_EXECUTE|[75]
17:32:07.3 (967082278)|STATEMENT_EXECUTE|[76]
17:32:07.3 (967103481)|VARIABLE_SCOPE_BEGIN|[76]|f|Object|false|false
17:32:07.3 (967172675)|VARIABLE_ASSIGNMENT|[76]|f|"003R000001JgwVeIAJ"
17:32:07.3 (967194200)|STATEMENT_EXECUTE|[77]
17:32:07.3 (967210236)|HEAP_ALLOCATE|[75]|Bytes:5
17:32:07.3 (967228363)|VARIABLE_ASSIGNMENT|[75]|fieldName|null
17:32:07.3 (967234300)|STATEMENT_EXECUTE|[81]
17:32:07.3 (967244438)|METHOD_EXIT|[154]|01pR0000000nR9p|FlowUtility.getColumns(SObject, Map<String,Schema.SObjectField>)
17:32:07.3 (967252880)|VARIABLE_SCOPE_BEGIN|[154]|cols|List<FlowUtility.Column>|true|false
17:32:07.3 (967310002)|VARIABLE_ASSIGNMENT|[154]|cols|[{"fieldName":"Name","label":"Full Name","type":"text"},{"fieldName":"Email","label":"Email","type":"email"},{"fieldName":"Phone","label":"Business Phone","type":"phone"},{"fieldName":"AccountId","label":"Account ID","type":"text"}]|0x2e7af7b6
17:32:07.3 (967321173)|STATEMENT_EXECUTE|[155]
17:32:07.3 (967345891)|HEAP_ALLOCATE|[155]|Bytes:4
17:32:07.3 (967381582)|VARIABLE_SCOPE_BEGIN|[155]|JSONCols|List<Map<String,ANY>>|true|false
17:32:07.3 (967416670)|HEAP_ALLOCATE|[EXTERNAL]|Bytes:4
17:32:07.3 (967434717)|VARIABLE_ASSIGNMENT|[155]|JSONCols|[]|0x7632b163
17:32:07.3 (967447387)|STATEMENT_EXECUTE|[156]
17:32:07.3 (967450616)|STATEMENT_EXECUTE|[157]
17:32:07.3 (967473165)|METHOD_ENTRY|[157]|01pR0000000nR9p|FlowUtility.addActionsToColumns(List<FlowUtility.Column>, String)
17:32:07.3 (967597843)|VARIABLE_SCOPE_BEGIN|[183]|this|FlowUtility|true|false
17:32:07.3 (967621403)|VARIABLE_ASSIGNMENT|[183]|this|{}|0x6e844578
17:32:07.3 (967629617)|VARIABLE_SCOPE_BEGIN|[183]|columns|List<FlowUtility.Column>|true|false
17:32:07.3 (967677277)|VARIABLE_ASSIGNMENT|[183]|columns|[{"fieldName":"Name","label":"Full Name","type":"text"},{"fieldName":"Email","label":"Email","type":"email"},{"fieldName":"Phone","label":"Business Phone","type":"phone"},{"fieldName":"AccountId","label":"Account ID","type":"text"}]|0x2e7af7b6
17:32:07.3 (967694643)|VARIABLE_SCOPE_BEGIN|[183]|fActions|String|false|false
17:32:07.3 (967706784)|VARIABLE_ASSIGNMENT|[183]|fActions|"addToOppContacts"
17:32:07.3 (967721294)|HEAP_ALLOCATE|[184]|Bytes:5
17:32:07.3 (967728976)|STATEMENT_EXECUTE|[183]
17:32:07.3 (967731559)|STATEMENT_EXECUTE|[184]
17:32:07.3 (967733277)|STATEMENT_EXECUTE|[185]
17:32:07.3 (967736788)|HEAP_ALLOCATE|[185]|Bytes:1
17:32:07.3 (967800714)|HEAP_ALLOCATE|[185]|Bytes:16
17:32:07.3 (967816214)|HEAP_ALLOCATE|[185]|Bytes:8
17:32:07.3 (967847474)|VARIABLE_SCOPE_BEGIN|[185]|flowActions|List<String>|true|false
17:32:07.3 (967884982)|HEAP_ALLOCATE|[EXTERNAL]|Bytes:8
17:32:07.3 (967900842)|VARIABLE_ASSIGNMENT|[185]|flowActions|["addToOppContacts"]|0x69f5fbf2
17:32:07.3 (967908420)|STATEMENT_EXECUTE|[186]
17:32:07.3 (967947662)|USER_DEBUG|[186]|DEBUG|(addToOppContacts)
17:32:07.3 (967961383)|STATEMENT_EXECUTE|[187]
17:32:07.3 (967967747)|HEAP_ALLOCATE|[187]|Bytes:20
17:32:07.3 (967976014)|HEAP_ALLOCATE|[187]|Bytes:6
17:32:07.3 (967989913)|CONSTRUCTOR_ENTRY|[187]|01pR0000000nR9p|<init>(String,String,String)|FlowUtility.Column
17:32:07.3 (968009001)|VARIABLE_SCOPE_BEGIN|[362]|this|FlowUtility.Column|true|false
17:32:07.3 (968033560)|VARIABLE_ASSIGNMENT|[362]|this|{}|0x29b253e0
17:32:07.3 (968040717)|VARIABLE_SCOPE_BEGIN|[362]|fldName|String|false|false
17:32:07.3 (968048476)|VARIABLE_ASSIGNMENT|[362]|fldName|null
17:32:07.3 (968052791)|VARIABLE_SCOPE_BEGIN|[362]|lbl|String|false|false
17:32:07.3 (968059847)|VARIABLE_ASSIGNMENT|[362]|lbl|null
17:32:07.3 (968064339)|VARIABLE_SCOPE_BEGIN|[362]|fldType|String|false|false
17:32:07.3 (968075238)|VARIABLE_ASSIGNMENT|[362]|fldType|"action"
17:32:07.3 (968081462)|STATEMENT_EXECUTE|[356]
17:32:07.3 (968083357)|STATEMENT_EXECUTE|[357]
17:32:07.3 (968085153)|STATEMENT_EXECUTE|[358]
17:32:07.3 (968086845)|STATEMENT_EXECUTE|[359]
17:32:07.3 (968088473)|STATEMENT_EXECUTE|[360]
17:32:07.3 (968104966)|STATEMENT_EXECUTE|[362]
17:32:07.3 (968107216)|STATEMENT_EXECUTE|[363]
17:32:07.3 (968115103)|VARIABLE_ASSIGNMENT|[363]|this.fieldName|null|0x29b253e0
17:32:07.3 (968121975)|STATEMENT_EXECUTE|[364]
17:32:07.3 (968127149)|VARIABLE_ASSIGNMENT|[364]|this.label|null|0x29b253e0
17:32:07.3 (968132498)|STATEMENT_EXECUTE|[365]
17:32:07.3 (968139819)|VARIABLE_ASSIGNMENT|[365]|this.type|"action"|0x29b253e0
17:32:07.3 (968152874)|CONSTRUCTOR_EXIT|[187]|01pR0000000nR9p|<init>(String,String,String)|FlowUtility.Column
17:32:07.3 (968161206)|VARIABLE_SCOPE_BEGIN|[187]|c|FlowUtility.Column|true|false
17:32:07.3 (968184158)|VARIABLE_ASSIGNMENT|[187]|c|{"type":"action"}|0x29b253e0
17:32:07.3 (968192194)|STATEMENT_EXECUTE|[188]
17:32:07.3 (968205845)|HEAP_ALLOCATE|[188]|Bytes:4
17:32:07.3 (968231978)|VARIABLE_ASSIGNMENT|[188]|this.typeAttributes|{}|0x29b253e0
17:32:07.3 (968239070)|STATEMENT_EXECUTE|[189]
17:32:07.3 (968259122)|HEAP_ALLOCATE|[189]|Bytes:4
17:32:07.3 (968293209)|VARIABLE_SCOPE_BEGIN|[189]|rowActions|List<Map<String,String>>|true|false
17:32:07.3 (968320340)|HEAP_ALLOCATE|[EXTERNAL]|Bytes:4
17:32:07.3 (968331733)|VARIABLE_ASSIGNMENT|[189]|rowActions|[]|0x4a68561c
17:32:07.3 (968341675)|HEAP_ALLOCATE|[191]|Bytes:87
17:32:07.3 (968357283)|HEAP_ALLOCATE|[191]|Bytes:4
17:32:07.3 (968367646)|HEAP_ALLOCATE|[191]|Bytes:7
17:32:07.3 (968751961)|SOQL_EXECUTE_BEGIN|[191]|Aggregations:0|SELECT DeveloperName, MasterLabel FROM Flow_Action__mdt 
17:32:07.3 (991812977)|SOQL_EXECUTE_END|[191]|Rows:1
17:32:07.3 (991860141)|HEAP_ALLOCATE|[EXTERNAL]|Bytes:8
17:32:07.3 (992130316)|HEAP_ALLOCATE|[191]|Bytes:54
17:32:07.3 (992149649)|HEAP_ALLOCATE|[191]|Bytes:8
17:32:07.3 (992423113)|HEAP_ALLOCATE|[191]|Bytes:28
17:32:07.3 (992454521)|METHOD_ENTRY|[191]||Database.QueryLocatorIterator.hasNext()
17:32:07.3 (992572509)|METHOD_EXIT|[191]||Database.QueryLocatorIterator.hasNext()
17:32:07.3 (992586630)|METHOD_ENTRY|[191]||Database.QueryLocatorIterator.next()
17:32:07.3 (992716225)|METHOD_EXIT|[191]||Database.QueryLocatorIterator.next()
17:32:07.3 (992732461)|VARIABLE_SCOPE_BEGIN|[191]|fa|Flow_Action__mdt|true|false
17:32:07.3 (992780453)|VARIABLE_ASSIGNMENT|[191]|fa|{"DeveloperName":"addToOppContacts","MasterLabel":"Add to Opportunity C (7 more) ...","Id":"m00R00000008mmUIAQ"}|0x6a85a046
17:32:07.3 (992792335)|STATEMENT_EXECUTE|[191]
17:32:07.3 (992795084)|STATEMENT_EXECUTE|[192]
17:32:07.3 (992816433)|HEAP_ALLOCATE|[192]|Bytes:4
17:32:07.3 (992838645)|HEAP_ALLOCATE|[192]|Bytes:5
17:32:07.3 (992960328)|HEAP_ALLOCATE|[192]|Bytes:4
17:32:07.3 (993031100)|HEAP_ALLOCATE|[EXTERNAL]|Bytes:4
17:32:07.3 (993059594)|METHOD_ENTRY|[191]||Database.QueryLocatorIterator.hasNext()
17:32:07.3 (993095423)|METHOD_EXIT|[191]||Database.QueryLocatorIterator.hasNext()
17:32:07.3 (993120364)|VARIABLE_ASSIGNMENT|[191]|fa|null|
17:32:07.3 (993161205)|STATEMENT_EXECUTE|[195]
17:32:07.3 (993184836)|HEAP_ALLOCATE|[195]|Bytes:10
17:32:07.3 (993261748)|HEAP_ALLOCATE|[EXTERNAL]|Bytes:-4
17:32:07.3 (993283081)|STATEMENT_EXECUTE|[196]
17:32:07.3 (993333196)|HEAP_ALLOCATE|[EXTERNAL]|Bytes:4
17:32:07.3 (993368124)|METHOD_EXIT|[157]|01pR0000000nR9p|FlowUtility.addActionsToColumns(List<FlowUtility.Column>, String)
17:32:07.3 (993566946)|HEAP_ALLOCATE|[160]|Bytes:5
17:32:07.3 (993590952)|HEAP_ALLOCATE|[160]|Bytes:20
17:32:07.3 (993603287)|VARIABLE_SCOPE_BEGIN|[160]|col|FlowUtility.Column|true|false
17:32:07.3 (993648946)|VARIABLE_ASSIGNMENT|[160]|col|{"fieldName":"Name","label":"Full Name","type":"text"}|0xa06d855
17:32:07.3 (993659029)|STATEMENT_EXECUTE|[160]
17:32:07.3 (993661545)|STATEMENT_EXECUTE|[162]
17:32:07.3 (993676116)|METHOD_ENTRY|[162]||System.JSON.serialize(Object)
17:32:07.3 (993799733)|METHOD_EXIT|[162]||System.JSON.serialize(Object)
17:32:07.3 (993821978)|METHOD_ENTRY|[162]||System.JSON.deserializeUntyped(String)
17:32:07.3 (994508159)|METHOD_EXIT|[162]||System.JSON.deserializeUntyped(String)
17:32:07.3 (994531874)|VARIABLE_SCOPE_BEGIN|[162]|jsonCol|Map<String,ANY>|true|false
17:32:07.3 (994577735)|VARIABLE_ASSIGNMENT|[162]|jsonCol|{"type":"text","label":"Full Name","fieldName":"Name"}|0x7c82e2ca
17:32:07.3 (994654331)|STATEMENT_EXECUTE|[163]
17:32:07.3 (994659525)|STATEMENT_EXECUTE|[164]
17:32:07.3 (994733627)|VARIABLE_SCOPE_BEGIN|[164]|namefield|FlowUtility.NameField|true|false
17:32:07.3 (994789500)|VARIABLE_ASSIGNMENT|[164]|namefield|{"name":"Name","objectType":"Contact","type":"NAMEFIELD"}|0x762bb014
17:32:07.3 (994805222)|STATEMENT_EXECUTE|[165]
17:32:07.3 (994812974)|HEAP_ALLOCATE|[165]|Bytes:14
17:32:07.3 (994834076)|HEAP_ALLOCATE|[165]|Bytes:4
17:32:07.3 (994888847)|STATEMENT_EXECUTE|[166]
17:32:07.3 (994942359)|VARIABLE_SCOPE_BEGIN|[166]|typeAttributes|Map<String,ANY>|true|false
17:32:07.3 (994962911)|VARIABLE_ASSIGNMENT|[166]|typeAttributes|{}|0x3bc2ea8c
17:32:07.3 (994969894)|STATEMENT_EXECUTE|[167]
17:32:07.3 (994981537)|HEAP_ALLOCATE|[167]|Bytes:4
17:32:07.3 (995026374)|HEAP_ALLOCATE|[EXTERNAL]|Bytes:-4
17:32:07.3 (995040404)|STATEMENT_EXECUTE|[168]
17:32:07.3 (995101101)|VARIABLE_SCOPE_BEGIN|[168]|label|Map<String,ANY>|true|false
17:32:07.3 (995129917)|VARIABLE_ASSIGNMENT|[168]|label|{}|0x4f003bed
17:32:07.3 (995142994)|STATEMENT_EXECUTE|[169]
17:32:07.3 (995150294)|HEAP_ALLOCATE|[169]|Bytes:9
17:32:07.3 (995159734)|HEAP_ALLOCATE|[169]|Bytes:5
17:32:07.3 (995167972)|HEAP_ALLOCATE|[169]|Bytes:5
17:32:07.3 (995190215)|HEAP_ALLOCATE|[169]|Bytes:14
17:32:07.3 (995232901)|HEAP_ALLOCATE|[EXTERNAL]|Bytes:-4
17:32:07.3 (995246814)|STATEMENT_EXECUTE|[170]
17:32:07.3 (995260058)|HEAP_ALLOCATE|[170]|Bytes:9
17:32:07.3 (995303248)|STATEMENT_EXECUTE|[171]
17:32:07.3 (995308808)|HEAP_ALLOCATE|[171]|Bytes:4
17:32:07.3 (995317170)|HEAP_ALLOCATE|[171]|Bytes:3
17:32:07.3 (995355233)|STATEMENT_EXECUTE|[173]
17:32:07.3 (995366133)|HEAP_ALLOCATE|[173]|Bytes:9
17:32:07.3 (995379278)|HEAP_ALLOCATE|[173]|Bytes:7
17:32:07.3 (995402721)|METHOD_ENTRY|[173]|01pR0000000nR9p|FlowUtility.addLinkFieldToJSONSobjects(List<ANY>, String, String)
17:32:07.3 (995513268)|VARIABLE_SCOPE_BEGIN|[84]|this|FlowUtility|true|false
17:32:07.3 (995547596)|VARIABLE_ASSIGNMENT|[84]|this|{}|0x6e844578
17:32:07.3 (995564114)|VARIABLE_SCOPE_BEGIN|[84]|jsonObjects|List<ANY>|true|false
17:32:07.3 (995593433)|VARIABLE_ASSIGNMENT|[84]|jsonObjects|["Map of size 7 too large to display"]|0xb298850
17:32:07.3 (995603589)|VARIABLE_SCOPE_BEGIN|[84]|field|String|false|false
17:32:07.3 (995614224)|VARIABLE_ASSIGNMENT|[84]|field|"Link_Name"
17:32:07.3 (995619514)|VARIABLE_SCOPE_BEGIN|[84]|objectType|String|false|false
17:32:07.3 (995628886)|VARIABLE_ASSIGNMENT|[84]|objectType|"Contact"
17:32:07.3 (995644868)|HEAP_ALLOCATE|[85]|Bytes:5
17:32:07.3 (995652769)|STATEMENT_EXECUTE|[84]
17:32:07.3 (995706198)|HEAP_ALLOCATE|[85]|Bytes:5
17:32:07.3 (995737491)|HEAP_ALLOCATE|[85]|Bytes:32
17:32:07.3 (995756068)|VARIABLE_SCOPE_BEGIN|[85]|jsonObject|Object|false|false
17:32:07.3 (995776563)|VARIABLE_ASSIGNMENT|[85]|jsonObject|"Map of size 7 too large to display"
17:32:07.3 (995783836)|STATEMENT_EXECUTE|[85]
17:32:07.3 (995785808)|STATEMENT_EXECUTE|[86]
17:32:07.3 (995790519)|HEAP_ALLOCATE|[86]|Bytes:13
17:32:07.3 (995797493)|HEAP_ALLOCATE|[86]|Bytes:1
17:32:07.3 (995855731)|HEAP_ALLOCATE|[86]|Bytes:18
17:32:07.3 (995883746)|HEAP_ALLOCATE|[86]|Bytes:5
17:32:07.3 (995902034)|HEAP_ALLOCATE|[86]|Bytes:44
17:32:07.3 (995912147)|VARIABLE_SCOPE_BEGIN|[86]|pageReference|String|false|false
17:32:07.3 (995954211)|VARIABLE_ASSIGNMENT|[86]|pageReference|"/lightning/r/Contact (24 more) ..."
17:32:07.3 (995961520)|STATEMENT_EXECUTE|[87]
17:32:07.3 (996003367)|HEAP_ALLOCATE|[EXTERNAL]|Bytes:-4
17:32:07.3 (996030631)|HEAP_ALLOCATE|[85]|Bytes:5
17:32:07.3 (996054405)|VARIABLE_ASSIGNMENT|[85]|jsonObject|null
17:32:07.3 (996070121)|METHOD_EXIT|[173]|01pR0000000nR9p|FlowUtility.addLinkFieldToJSONSobjects(List<ANY>, String, String)
17:32:07.3 (996077521)|STATEMENT_EXECUTE|[175]
17:32:07.3 (996113016)|HEAP_ALLOCATE|[EXTERNAL]|Bytes:4
17:32:07.3 (996136477)|HEAP_ALLOCATE|[160]|Bytes:5
17:32:07.3 (996153355)|HEAP_ALLOCATE|[160]|Bytes:20
17:32:07.3 (996164137)|VARIABLE_SCOPE_BEGIN|[160]|col|FlowUtility.Column|true|false
17:32:07.3 (996196855)|VARIABLE_ASSIGNMENT|[160]|col|{"fieldName":"Email","label":"Email","type":"email"}|0x295f8454
17:32:07.3 (996206104)|STATEMENT_EXECUTE|[160]
17:32:07.3 (996208119)|STATEMENT_EXECUTE|[162]
17:32:07.3 (996216153)|METHOD_ENTRY|[162]||System.JSON.serialize(Object)
17:32:07.3 (996278195)|METHOD_EXIT|[162]||System.JSON.serialize(Object)
17:32:07.3 (996290188)|METHOD_ENTRY|[162]||System.JSON.deserializeUntyped(String)
17:32:07.3 (996646888)|METHOD_EXIT|[162]||System.JSON.deserializeUntyped(String)
17:32:07.3 (996661046)|VARIABLE_SCOPE_BEGIN|[162]|jsonCol|Map<String,ANY>|true|false
17:32:07.3 (996693607)|VARIABLE_ASSIGNMENT|[162]|jsonCol|{"type":"email","label":"Email","fieldName":"Email"}|0x7af004cb
17:32:07.3 (996718331)|STATEMENT_EXECUTE|[163]
17:32:07.3 (996721457)|STATEMENT_EXECUTE|[175]
17:32:07.3 (996730312)|HEAP_ALLOCATE|[EXTERNAL]|Bytes:4
17:32:07.3 (996749798)|HEAP_ALLOCATE|[160]|Bytes:5
17:32:07.3 (996766351)|HEAP_ALLOCATE|[160]|Bytes:20
17:32:07.3 (996776835)|VARIABLE_SCOPE_BEGIN|[160]|col|FlowUtility.Column|true|false
17:32:07.3 (996809756)|VARIABLE_ASSIGNMENT|[160]|col|{"fieldName":"Phone","label":"Business Phone","type":"phone"}|0x117b390c
17:32:07.3 (996818581)|STATEMENT_EXECUTE|[160]
17:32:07.3 (996820677)|STATEMENT_EXECUTE|[162]
17:32:07.3 (996828592)|METHOD_ENTRY|[162]||System.JSON.serialize(Object)
17:32:07.3 (996887799)|METHOD_EXIT|[162]||System.JSON.serialize(Object)
17:32:07.3 (996901164)|METHOD_ENTRY|[162]||System.JSON.deserializeUntyped(String)
17:32:07.3 (997248333)|METHOD_EXIT|[162]||System.JSON.deserializeUntyped(String)
17:32:07.3 (997263205)|VARIABLE_SCOPE_BEGIN|[162]|jsonCol|Map<String,ANY>|true|false
17:32:07.3 (997290970)|VARIABLE_ASSIGNMENT|[162]|jsonCol|{"type":"phone","label":"Business Phone","fieldName":"Phone"}|0x68ddf9c8
17:32:07.3 (997314432)|STATEMENT_EXECUTE|[163]
17:32:07.3 (997317028)|STATEMENT_EXECUTE|[175]
17:32:07.3 (997325876)|HEAP_ALLOCATE|[EXTERNAL]|Bytes:4
17:32:07.3 (997344794)|HEAP_ALLOCATE|[160]|Bytes:5
17:32:07.3 (997361171)|HEAP_ALLOCATE|[160]|Bytes:20
17:32:07.3 (997371569)|VARIABLE_SCOPE_BEGIN|[160]|col|FlowUtility.Column|true|false
17:32:07.3 (997403690)|VARIABLE_ASSIGNMENT|[160]|col|{"fieldName":"AccountId","label":"Account ID","type":"text"}|0x5a13429e
17:32:07.3 (997412370)|STATEMENT_EXECUTE|[160]
17:32:07.3 (997414410)|STATEMENT_EXECUTE|[162]
17:32:07.3 (997422201)|METHOD_ENTRY|[162]||System.JSON.serialize(Object)
17:32:07.3 (997480648)|METHOD_EXIT|[162]||System.JSON.serialize(Object)
17:32:07.3 (997492155)|METHOD_ENTRY|[162]||System.JSON.deserializeUntyped(String)
17:32:07.3 (997839344)|METHOD_EXIT|[162]||System.JSON.deserializeUntyped(String)
17:32:07.3 (997853201)|VARIABLE_SCOPE_BEGIN|[162]|jsonCol|Map<String,ANY>|true|false
17:32:07.3 (997880857)|VARIABLE_ASSIGNMENT|[162]|jsonCol|{"type":"text","label":"Account ID","fieldName":"AccountId"}|0x2a5fa475
17:32:07.3 (997906488)|STATEMENT_EXECUTE|[163]
17:32:07.3 (997909437)|STATEMENT_EXECUTE|[164]
17:32:07.3 (997924491)|VARIABLE_SCOPE_BEGIN|[164]|namefield|FlowUtility.NameField|true|false
17:32:07.3 (997956421)|VARIABLE_ASSIGNMENT|[164]|namefield|{"name":"AccountId","objectType":"(Account)","type":"REFERENCE"}|0x1314eeb0
17:32:07.3 (997964857)|STATEMENT_EXECUTE|[165]
17:32:07.3 (997977222)|HEAP_ALLOCATE|[165]|Bytes:4
17:32:07.3 (998001747)|STATEMENT_EXECUTE|[166]
17:32:07.3 (998025818)|VARIABLE_SCOPE_BEGIN|[166]|typeAttributes|Map<String,ANY>|true|false
17:32:07.3 (998043572)|VARIABLE_ASSIGNMENT|[166]|typeAttributes|{}|0x6a9a1d13
17:32:07.3 (998050223)|STATEMENT_EXECUTE|[167]
17:32:07.3 (998060260)|HEAP_ALLOCATE|[167]|Bytes:4
17:32:07.3 (998077924)|HEAP_ALLOCATE|[EXTERNAL]|Bytes:-4
17:32:07.3 (998087169)|STATEMENT_EXECUTE|[168]
17:32:07.3 (998108740)|VARIABLE_SCOPE_BEGIN|[168]|label|Map<String,ANY>|true|false
17:32:07.3 (998124870)|VARIABLE_ASSIGNMENT|[168]|label|{}|0x6d0eba31
17:32:07.3 (998131402)|STATEMENT_EXECUTE|[169]
17:32:07.3 (998140540)|HEAP_ALLOCATE|[169]|Bytes:19
17:32:07.3 (998156836)|HEAP_ALLOCATE|[EXTERNAL]|Bytes:-4
17:32:07.3 (998165617)|STATEMENT_EXECUTE|[170]
17:32:07.3 (998172196)|HEAP_ALLOCATE|[170]|Bytes:14
17:32:07.3 (998188712)|STATEMENT_EXECUTE|[171]
17:32:07.3 (998199670)|STATEMENT_EXECUTE|[173]
17:32:07.3 (998205276)|HEAP_ALLOCATE|[173]|Bytes:14
17:32:07.3 (998213885)|HEAP_ALLOCATE|[173]|Bytes:9
17:32:07.3 (998224730)|METHOD_ENTRY|[173]|01pR0000000nR9p|FlowUtility.addLinkFieldToJSONSobjects(List<ANY>, String, String)
17:32:07.3 (998232434)|VARIABLE_SCOPE_BEGIN|[84]|this|FlowUtility|true|false
17:32:07.3 (998250502)|VARIABLE_ASSIGNMENT|[84]|this|{}|0x6e844578
17:32:07.3 (998257230)|VARIABLE_SCOPE_BEGIN|[84]|jsonObjects|List<ANY>|true|false
17:32:07.3 (998274539)|VARIABLE_ASSIGNMENT|[84]|jsonObjects|["Map of size 8 too large to display"]|0xb298850
17:32:07.3 (998286153)|VARIABLE_SCOPE_BEGIN|[84]|field|String|false|false
17:32:07.3 (998304391)|VARIABLE_ASSIGNMENT|[84]|field|"Link_AccountId"
17:32:07.3 (998313781)|VARIABLE_SCOPE_BEGIN|[84]|objectType|String|false|false
17:32:07.3 (998328040)|VARIABLE_ASSIGNMENT|[84]|objectType|"(Account)"
17:32:07.3 (998341956)|HEAP_ALLOCATE|[85]|Bytes:5
17:32:07.3 (998349539)|STATEMENT_EXECUTE|[84]
17:32:07.3 (998375535)|HEAP_ALLOCATE|[85]|Bytes:5
17:32:07.3 (998401776)|HEAP_ALLOCATE|[85]|Bytes:36
17:32:07.3 (998419828)|VARIABLE_SCOPE_BEGIN|[85]|jsonObject|Object|false|false
17:32:07.3 (998439389)|VARIABLE_ASSIGNMENT|[85]|jsonObject|"Map of size 8 too large to display"
17:32:07.3 (998445795)|STATEMENT_EXECUTE|[85]
17:32:07.3 (998447757)|STATEMENT_EXECUTE|[86]
17:32:07.3 (998477387)|HEAP_ALLOCATE|[86]|Bytes:18
17:32:07.3 (998504984)|HEAP_ALLOCATE|[86]|Bytes:46
17:32:07.3 (998522334)|VARIABLE_SCOPE_BEGIN|[86]|pageReference|String|false|false
17:32:07.3 (998563634)|VARIABLE_ASSIGNMENT|[86]|pageReference|"/lightning/r/(Accoun (26 more) ..."
17:32:07.3 (998572402)|STATEMENT_EXECUTE|[87]
17:32:07.3 (998588823)|HEAP_ALLOCATE|[EXTERNAL]|Bytes:-4
17:32:07.3 (998609907)|HEAP_ALLOCATE|[85]|Bytes:5
17:32:07.3 (998634197)|VARIABLE_ASSIGNMENT|[85]|jsonObject|null
17:32:07.3 (998648721)|METHOD_EXIT|[173]|01pR0000000nR9p|FlowUtility.addLinkFieldToJSONSobjects(List<ANY>, String, String)
17:32:07.3 (998655674)|STATEMENT_EXECUTE|[175]
17:32:07.3 (998666325)|HEAP_ALLOCATE|[EXTERNAL]|Bytes:4
17:32:07.3 (998700977)|HEAP_ALLOCATE|[160]|Bytes:5
17:32:07.3 (998742365)|HEAP_ALLOCATE|[160]|Bytes:20
17:32:07.3 (998761843)|VARIABLE_SCOPE_BEGIN|[160]|col|FlowUtility.Column|true|false
17:32:07.3 (998808288)|VARIABLE_ASSIGNMENT|[160]|col|{"type":"action","typeAttributes":{"rowActions":[{"label":"Add to Opportunity C (7 more) ...","name":"addToOppContacts"}]}}|0x29b253e0
17:32:07.3 (998818648)|STATEMENT_EXECUTE|[160]
17:32:07.3 (998820712)|STATEMENT_EXECUTE|[162]
17:32:07.3 (998829709)|METHOD_ENTRY|[162]||System.JSON.serialize(Object)
17:32:07.3 (999755181)|METHOD_EXIT|[162]||System.JSON.serialize(Object)
17:32:07.3 (999769430)|METHOD_ENTRY|[162]||System.JSON.deserializeUntyped(String)
17:32:07.3 (1000621295)|METHOD_EXIT|[162]||System.JSON.deserializeUntyped(String)
17:32:07.3 (1000637168)|VARIABLE_SCOPE_BEGIN|[162]|jsonCol|Map<String,ANY>|true|false
17:32:07.3 (1000665653)|HEAP_ALLOCATE|[EXTERNAL]|Bytes:8
17:32:07.3 (1000699482)|VARIABLE_ASSIGNMENT|[162]|jsonCol|{"typeAttributes":{"rowActions":[{"name":"addToOppContacts","label":"Add to Opportunity C (7 more) ..."}]},"type":"action"}|0x3639d35a
17:32:07.3 (1000725880)|STATEMENT_EXECUTE|[163]
17:32:07.3 (1000728781)|STATEMENT_EXECUTE|[175]
17:32:07.3 (1000737922)|HEAP_ALLOCATE|[EXTERNAL]|Bytes:4
17:32:07.3 (1000757311)|HEAP_ALLOCATE|[160]|Bytes:5
17:32:07.3 (1000775551)|VARIABLE_ASSIGNMENT|[160]|col|null|
17:32:07.3 (1000782291)|STATEMENT_EXECUTE|[177]
17:32:07.3 (1000802963)|METHOD_ENTRY|[177]|01pR0000000nR9p|FlowUtility.lookupReferenceNames(List<ANY>, Map<String,FlowUtility.NameField>, List<Map<String,ANY>>)
17:32:07.3 (1001098545)|VARIABLE_SCOPE_BEGIN|[94]|this|FlowUtility|true|false
17:32:07.3 (1001124401)|VARIABLE_ASSIGNMENT|[94]|this|{}|0x6e844578
17:32:07.3 (1001132713)|VARIABLE_SCOPE_BEGIN|[94]|jsonObjects|List<ANY>|true|false
17:32:07.3 (1001149969)|VARIABLE_ASSIGNMENT|[94]|jsonObjects|["Map of size 9 too large to display"]|0xb298850
17:32:07.3 (1001160450)|VARIABLE_SCOPE_BEGIN|[94]|nameFields|Map<String,FlowUtility.NameField>|true|false
17:32:07.3 (1001225814)|VARIABLE_ASSIGNMENT|[94]|nameFields|{"Name":{"name":"Name","objectType":"Contact","type":"NAMEFIELD"},"AccountId":{"name":"AccountId","objectType":"(Account)","type":"REFERENCE"}}|0x19a43927
17:32:07.3 (1001245346)|VARIABLE_SCOPE_BEGIN|[94]|cols|List<Map<String,ANY>>|true|false
17:32:07.3 (1001316227)|VARIABLE_ASSIGNMENT|[94]|cols|[{"typeAttributes":{"label":{"fieldName":"Link_Name_Name"}},"type":"url","label":"Full Name","fieldName":"Link_Name"},{"type":"email","label":"Email","fieldName":"Email"},{"type":"phone","label":"Business Phone","fieldName":"Phone"},{"typeAttributes":{"label":{"fieldName":"Link_AccountId_Name"}},"type":"url","label":"Account ID","fieldName":"Link_AccountId"},{"typeAttributes":{"rowActions":[{"name":"addToOppContacts","label":"Add to Opportunity C (7 more) ..."}]},"type":"action"}]|0x7632b163
17:32:07.3 (1001341331)|HEAP_ALLOCATE|[96]|Bytes:5
17:32:07.3 (1001349651)|STATEMENT_EXECUTE|[94]
17:32:07.3 (1001352024)|STATEMENT_EXECUTE|[96]
17:32:07.3 (1001364571)|HEAP_ALLOCATE|[96]|Bytes:4
17:32:07.3 (1001377390)|VARIABLE_SCOPE_BEGIN|[96]|objIdMap|Map<String,ANY>|true|false
17:32:07.3 (1001394334)|VARIABLE_ASSIGNMENT|[96]|objIdMap|{}|0x44a0f4d3
17:32:07.3 (1001465000)|HEAP_ALLOCATE|[97]|Bytes:5
17:32:07.3 (1001497428)|HEAP_ALLOCATE|[97]|Bytes:40
17:32:07.3 (1001516745)|VARIABLE_SCOPE_BEGIN|[97]|jsonObject|Object|false|false
17:32:07.3 (1001537634)|VARIABLE_ASSIGNMENT|[97]|jsonObject|"Map of size 9 too large to display"
17:32:07.3 (1001544590)|STATEMENT_EXECUTE|[97]
17:32:07.3 (1001546668)|STATEMENT_EXECUTE|[98]
17:32:07.3 (1001552916)|VARIABLE_SCOPE_BEGIN|[98]|jsonMapObject|Map<String,ANY>|true|false
17:32:07.3 (1001566853)|VARIABLE_ASSIGNMENT|[98]|jsonMapObject|"Map of size 9 too large to display"|0x38f27a74
17:32:07.3 (1001585486)|HEAP_ALLOCATE|[99]|Bytes:4
17:32:07.3 (1001666511)|HEAP_ALLOCATE|[99]|Bytes:25
17:32:07.3 (1001712948)|HEAP_ALLOCATE|[99]|Bytes:8
17:32:07.3 (1001749075)|HEAP_ALLOCATE|[99]|Bytes:5
17:32:07.3 (1001769788)|VARIABLE_SCOPE_BEGIN|[99]|nameFieldName|String|false|false
17:32:07.3 (1001785266)|VARIABLE_ASSIGNMENT|[99]|nameFieldName|"Name"
17:32:07.3 (1001791065)|STATEMENT_EXECUTE|[99]
17:32:07.3 (1001793069)|STATEMENT_EXECUTE|[101]
17:32:07.3 (1001834726)|VARIABLE_SCOPE_BEGIN|[101]|nf|FlowUtility.NameField|true|false
17:32:07.3 (1001867406)|VARIABLE_ASSIGNMENT|[101]|nf|{"name":"Name","objectType":"Contact","type":"NAMEFIELD"}|0x762bb014
17:32:07.3 (1001907941)|STATEMENT_EXECUTE|[102]
17:32:07.3 (1001932686)|HEAP_ALLOCATE|[99]|Bytes:5
17:32:07.3 (1001968533)|VARIABLE_SCOPE_BEGIN|[99]|nameFieldName|String|false|false
17:32:07.3 (1001986294)|VARIABLE_ASSIGNMENT|[99]|nameFieldName|"AccountId"
17:32:07.3 (1001992374)|STATEMENT_EXECUTE|[99]
17:32:07.3 (1001994318)|STATEMENT_EXECUTE|[101]
17:32:07.3 (1002011451)|VARIABLE_SCOPE_BEGIN|[101]|nf|FlowUtility.NameField|true|false
17:32:07.3 (1002041365)|VARIABLE_ASSIGNMENT|[101]|nf|{"name":"AccountId","objectType":"(Account)","type":"REFERENCE"}|0x1314eeb0
17:32:07.3 (1002063290)|STATEMENT_EXECUTE|[102]
17:32:07.3 (1002065631)|STATEMENT_EXECUTE|[103]
17:32:07.3 (1002069930)|HEAP_ALLOCATE|[103]|Bytes:49
17:32:07.3 (1002107011)|USER_DEBUG|[103]|DEBUG|Inf the reference option for lookupReferenceNames
17:32:07.3 (1002156005)|STATEMENT_EXECUTE|[104]
17:32:07.3 (1002159352)|STATEMENT_EXECUTE|[105]
17:32:07.3 (1002164028)|HEAP_ALLOCATE|[105]|Bytes:19
17:32:07.3 (1002179582)|HEAP_ALLOCATE|[105]|Bytes:28
17:32:07.3 (1002202054)|USER_DEBUG|[105]|DEBUG|Our idMap contains (Account)
17:32:07.3 (1002213443)|STATEMENT_EXECUTE|[106]
17:32:07.3 (1002225143)|HEAP_ALLOCATE|[106]|Bytes:4
17:32:07.3 (1002250725)|VARIABLE_SCOPE_BEGIN|[106]|ids|List<String>|true|false
17:32:07.3 (1002278432)|HEAP_ALLOCATE|[EXTERNAL]|Bytes:4
17:32:07.3 (1002290600)|VARIABLE_ASSIGNMENT|[106]|ids|[]|0x6865c5dd
17:32:07.3 (1002297815)|STATEMENT_EXECUTE|[107]
17:32:07.3 (1002352315)|HEAP_ALLOCATE|[107]|Bytes:18
17:32:07.3 (1002374005)|HEAP_ALLOCATE|[107]|Bytes:18
17:32:07.3 (1002389385)|HEAP_ALLOCATE|[EXTERNAL]|Bytes:4
17:32:07.3 (1002398541)|STATEMENT_EXECUTE|[108]
17:32:07.3 (1002411222)|HEAP_ALLOCATE|[108]|Bytes:4
17:32:07.3 (1002423080)|VARIABLE_SCOPE_BEGIN|[108]|objIdItem|Map<String,ANY>|true|false
17:32:07.3 (1002440417)|VARIABLE_ASSIGNMENT|[108]|objIdItem|{}|0x103e6888
17:32:07.3 (1002446985)|STATEMENT_EXECUTE|[109]
17:32:07.3 (1002451489)|HEAP_ALLOCATE|[109]|Bytes:3
17:32:07.3 (1002489800)|HEAP_ALLOCATE|[EXTERNAL]|Bytes:-4
17:32:07.3 (1002502790)|STATEMENT_EXECUTE|[110]
17:32:07.3 (1002507470)|HEAP_ALLOCATE|[110]|Bytes:9
17:32:07.3 (1002545171)|HEAP_ALLOCATE|[EXTERNAL]|Bytes:-4
17:32:07.3 (1002558087)|STATEMENT_EXECUTE|[111]
17:32:07.3 (1002590461)|HEAP_ALLOCATE|[EXTERNAL]|Bytes:-4
17:32:07.3 (1002613784)|HEAP_ALLOCATE|[99]|Bytes:5
17:32:07.3 (1002631585)|VARIABLE_ASSIGNMENT|[99]|nameFieldName|null
17:32:07.3 (1002647251)|HEAP_ALLOCATE|[97]|Bytes:5
17:32:07.3 (1002675410)|VARIABLE_ASSIGNMENT|[97]|jsonObject|null
17:32:07.3 (1002698217)|HEAP_ALLOCATE|[121]|Bytes:4
17:32:07.3 (1002746483)|HEAP_ALLOCATE|[121]|Bytes:17
17:32:07.3 (1002770126)|HEAP_ALLOCATE|[121]|Bytes:4
17:32:07.3 (1002798629)|HEAP_ALLOCATE|[121]|Bytes:5
17:32:07.3 (1002817370)|VARIABLE_SCOPE_BEGIN|[121]|objName|String|false|false
17:32:07.3 (1002832542)|VARIABLE_ASSIGNMENT|[121]|objName|"(Account)"
17:32:07.3 (1002838552)|STATEMENT_EXECUTE|[121]
17:32:07.3 (1002840554)|STATEMENT_EXECUTE|[122]
17:32:07.3 (1002890311)|VARIABLE_SCOPE_BEGIN|[122]|objIdItem|Map<String,ANY>|true|false
17:32:07.3 (1002937183)|VARIABLE_ASSIGNMENT|[122]|objIdItem|{"ids":["001R000001JeJZaIAN"],"nameField":"AccountId"}|0x103e6888
17:32:07.3 (1002946506)|STATEMENT_EXECUTE|[123]
17:32:08.3 (1003002750)|VARIABLE_SCOPE_BEGIN|[123]|ids|List<String>|true|false
17:32:08.3 (1003029627)|VARIABLE_ASSIGNMENT|[123]|ids|["001R000001JeJZaIAN"]|0x6865c5dd
17:32:08.3 (1003037025)|STATEMENT_EXECUTE|[124]
17:32:08.3 (1003041754)|HEAP_ALLOCATE|[124]|Bytes:1
17:32:08.3 (1003088504)|HEAP_ALLOCATE|[124]|Bytes:8
17:32:08.3 (1003108799)|HEAP_ALLOCATE|[124]|Bytes:1
17:32:08.3 (1003131776)|HEAP_ALLOCATE|[124]|Bytes:7
17:32:08.3 (1003148159)|VARIABLE_SCOPE_BEGIN|[124]|cleanObjName|String|false|false
17:32:08.3 (1003162912)|VARIABLE_ASSIGNMENT|[124]|cleanObjName|"Account"
17:32:08.3 (1003168446)|STATEMENT_EXECUTE|[125]
17:32:08.3 (1003172515)|HEAP_ALLOCATE|[125]|Bytes:17
17:32:08.3 (1003178742)|HEAP_ALLOCATE|[125]|Bytes:15
17:32:08.3 (1003259919)|HEAP_ALLOCATE|[125]|Bytes:59
17:32:08.3 (1003271423)|VARIABLE_SCOPE_BEGIN|[125]|soql|String|false|false
17:32:08.3 (1003287341)|VARIABLE_ASSIGNMENT|[125]|soql|"Select Name From Acc (39 more) ..."
17:32:08.3 (1004005720)|SOQL_EXECUTE_BEGIN|[127]|Aggregations:0|Select Name From Account 
17:32:08.3 (1008248439)|SOQL_EXECUTE_END|[127]|Rows:1
17:32:08.3 (1008287366)|HEAP_ALLOCATE|[EXTERNAL]|Bytes:8
17:32:08.3 (1008454204)|HEAP_ALLOCATE|[127]|Bytes:28
17:32:08.3 (1008561403)|HEAP_ALLOCATE|[127]|Bytes:8
17:32:08.3 (1008587481)|HEAP_ALLOCATE|[127]|Bytes:8
17:32:08.3 (1008593788)|HEAP_ALLOCATE|[127]|Bytes:8
17:32:08.3 (1008605330)|VARIABLE_SCOPE_BEGIN|[15]|this|Database.QueryLocatorIterator|true|false
17:32:08.3 (1008650817)|VARIABLE_ASSIGNMENT|[15]|this|{}|0x5f0edc47
17:32:08.3 (1008660776)|VARIABLE_SCOPE_BEGIN|[15]|values|List<SObject>|true|false
17:32:08.3 (1008700297)|VARIABLE_ASSIGNMENT|[15]|values|[{"Name":"Burlington Textiles  (15 more) ...","Id":"001R000001JeJZaIAN"}]|0x41c7d349
17:32:08.3 (1008709419)|VARIABLE_SCOPE_BEGIN|[15]|ql|Database.QueryLocator|true|false
17:32:08.3 (1008738854)|VARIABLE_ASSIGNMENT|[15]|ql|{"query":"Select Name From Acc (39 more) ..."}|0x329906eb
17:32:08.3 (1008746499)|VARIABLE_SCOPE_BEGIN|[15]|totalNumRecords|Integer|false|false
17:32:08.3 (1008756974)|VARIABLE_ASSIGNMENT|[15]|totalNumRecords|1
17:32:08.3 (1008762041)|VARIABLE_SCOPE_BEGIN|[15]|queryMoreSize|Integer|false|false
17:32:08.3 (1008770170)|VARIABLE_ASSIGNMENT|[15]|queryMoreSize|49997
17:32:08.3 (1008846789)|HEAP_ALLOCATE|[127]|Bytes:28
17:32:08.3 (1008873659)|METHOD_ENTRY|[127]||Database.QueryLocatorIterator.hasNext()
17:32:08.3 (1008971068)|METHOD_EXIT|[127]||Database.QueryLocatorIterator.hasNext()
17:32:08.3 (1008985593)|METHOD_ENTRY|[127]||Database.QueryLocatorIterator.next()
17:32:08.3 (1009130797)|METHOD_EXIT|[127]||Database.QueryLocatorIterator.next()
17:32:08.3 (1009167550)|VARIABLE_SCOPE_BEGIN|[127]|obj|SObject|true|false
17:32:08.3 (1009192601)|VARIABLE_ASSIGNMENT|[127]|obj|{"Name":"Burlington Textiles  (15 more) ...","Id":"001R000001JeJZaIAN"}|0x31f73d81
17:32:08.3 (1009202463)|STATEMENT_EXECUTE|[127]
17:32:08.3 (1009205377)|STATEMENT_EXECUTE|[129]
17:32:08.3 (1009212785)|HEAP_ALLOCATE|[129]|Bytes:17
17:32:08.3 (1009320736)|HEAP_ALLOCATE|[129]|Bytes:73
17:32:08.3 (1009352360)|HEAP_ALLOCATE|[129]|Bytes:90
17:32:08.3 (1009379760)|USER_DEBUG|[129]|DEBUG|Reference SOQL:

Account:{Name=Burlington Textiles Corp of America, Id=001R000001JeJZaIAN}
17:32:08.3 (1009467541)|HEAP_ALLOCATE|[130]|Bytes:5
17:32:08.3 (1009507144)|HEAP_ALLOCATE|[130]|Bytes:40
17:32:08.3 (1009526004)|VARIABLE_SCOPE_BEGIN|[130]|jobj|Object|false|false
17:32:08.3 (1009551763)|VARIABLE_ASSIGNMENT|[130]|jobj|"Map of size 9 too large to display"
17:32:08.3 (1009558995)|STATEMENT_EXECUTE|[130]
17:32:08.3 (1009561273)|STATEMENT_EXECUTE|[131]
17:32:08.3 (1009569690)|VARIABLE_SCOPE_BEGIN|[131]|jobjMap|Map<String,ANY>|true|false
17:32:08.3 (1009584874)|VARIABLE_ASSIGNMENT|[131]|jobjMap|"Map of size 9 too large to display"|0x38f27a74
17:32:08.3 (1009711687)|STATEMENT_EXECUTE|[135]
17:32:08.3 (1009715535)|STATEMENT_EXECUTE|[136]
17:32:08.3 (1009720135)|HEAP_ALLOCATE|[136]|Bytes:33
17:32:08.3 (1009768615)|HEAP_ALLOCATE|[136]|Bytes:18
17:32:08.3 (1009792322)|HEAP_ALLOCATE|[136]|Bytes:51
17:32:08.3 (1009808470)|USER_DEBUG|[136]|DEBUG|This must be a reference field. 
001R000001JeJZaIAN
17:32:08.3 (1009818808)|STATEMENT_EXECUTE|[137]
17:32:08.3 (1009823017)|HEAP_ALLOCATE|[137]|Bytes:19
17:32:08.3 (1009868949)|HEAP_ALLOCATE|[137]|Bytes:28
17:32:08.3 (1009885836)|USER_DEBUG|[137]|DEBUG|What os the nfld? 
AccountId
17:32:08.3 (1009895493)|STATEMENT_EXECUTE|[138]
17:32:08.3 (1009941592)|HEAP_ALLOCATE|[138]|Bytes:19
17:32:08.3 (1009952246)|HEAP_ALLOCATE|[138]|Bytes:4
17:32:08.3 (1010010358)|HEAP_ALLOCATE|[138]|Bytes:35
17:32:08.3 (1010048304)|HEAP_ALLOCATE|[EXTERNAL]|Bytes:-4
17:32:08.3 (1010070837)|HEAP_ALLOCATE|[130]|Bytes:5
17:32:08.3 (1010094784)|VARIABLE_ASSIGNMENT|[130]|jobj|null
17:32:08.3 (1010108053)|METHOD_ENTRY|[127]||Database.QueryLocatorIterator.hasNext()
17:32:08.3 (1010129413)|METHOD_EXIT|[127]||Database.QueryLocatorIterator.hasNext()
17:32:08.3 (1010140537)|VARIABLE_ASSIGNMENT|[127]|obj|null|
17:32:08.3 (1010171083)|HEAP_ALLOCATE|[121]|Bytes:5
17:32:08.3 (1010188362)|VARIABLE_ASSIGNMENT|[121]|objName|null
17:32:08.3 (1010205401)|METHOD_EXIT|[177]|01pR0000000nR9p|FlowUtility.lookupReferenceNames(List<ANY>, Map<String,FlowUtility.NameField>, List<Map<String,ANY>>)
17:32:08.3 (1010213467)|STATEMENT_EXECUTE|[178]
17:32:08.3 (1010535090)|HEAP_ALLOCATE|[178]|Bytes:3
17:32:08.3 (1010700992)|HEAP_ALLOCATE|[178]|Bytes:16
17:32:08.3 (1010746920)|CONSTRUCTOR_ENTRY|[178]|01pR0000000nR9p|<init>(List<ANY>,List<Map<String,ANY>>)|FlowUtility.DynamicResults
17:32:08.3 (1010788535)|VARIABLE_SCOPE_BEGIN|[279]|this|FlowUtility.DynamicResults|true|false
17:32:08.3 (1010819961)|VARIABLE_ASSIGNMENT|[279]|this|{}|0x34810402
17:32:08.3 (1010828865)|VARIABLE_SCOPE_BEGIN|[279]|recs|List<ANY>|true|false
17:32:08.3 (1010846438)|VARIABLE_ASSIGNMENT|[279]|recs|["Map of size 10 too large to display"]|0xb298850
17:32:08.3 (1010854072)|VARIABLE_SCOPE_BEGIN|[279]|cols|List<Map<String,ANY>>|true|false
17:32:08.3 (1010952445)|VARIABLE_ASSIGNMENT|[279]|cols|[{"typeAttributes":{"label":{"fieldName":"Link_Name_Name"}},"type":"url","label":"Full Name","fieldName":"Link_Name"},{"type":"email","label":"Email","fieldName":"Email"},{"type":"phone","label":"Business Phone","fieldName":"Phone"},{"typeAttributes":{"label":{"fieldName":"Link_AccountId_Name"}},"type":"url","label":"Account ID","fieldName":"Link_AccountId"},{"typeAttributes":{"rowActions":[{"name":"addToOppContacts","label":"Add to Opportunity C (7 more) ..."}]},"type":"action"}]|0x7632b163
17:32:08.3 (1010968707)|STATEMENT_EXECUTE|[274]
17:32:08.3 (1010971034)|STATEMENT_EXECUTE|[275]
17:32:08.3 (1010985397)|HEAP_ALLOCATE|[275]|Bytes:4
17:32:08.3 (1011056345)|HEAP_ALLOCATE|[EXTERNAL]|Bytes:4
17:32:08.3 (1011073146)|VARIABLE_ASSIGNMENT|[275]|this.records|[]|0x34810402
17:32:08.3 (1011080242)|STATEMENT_EXECUTE|[276]
17:32:08.3 (1011098361)|HEAP_ALLOCATE|[276]|Bytes:4
17:32:08.3 (1011147239)|HEAP_ALLOCATE|[EXTERNAL]|Bytes:4
17:32:08.3 (1011160412)|VARIABLE_ASSIGNMENT|[276]|this.columns|[]|0x34810402
17:32:08.3 (1011167284)|STATEMENT_EXECUTE|[277]
17:32:08.3 (1011186080)|STATEMENT_EXECUTE|[279]
17:32:08.3 (1011188444)|STATEMENT_EXECUTE|[280]
17:32:08.3 (1011204257)|VARIABLE_ASSIGNMENT|[280]|this.records|["Map of size 10 too large to display"]|0x34810402
17:32:08.3 (1011213857)|STATEMENT_EXECUTE|[281]
17:32:08.3 (1011271569)|VARIABLE_ASSIGNMENT|[281]|this.columns|[{"typeAttributes":{"label":{"fieldName":"Link_Name_Name"}},"type":"url","label":"Full Name","fieldName":"Link_Name"},{"type":"email","label":"Email","fieldName":"Email"},{"type":"phone","label":"Business Phone","fieldName":"Phone"},{"typeAttributes":{"label":{"fieldName":"Link_AccountId_Name"}},"type":"url","label":"Account ID","fieldName":"Link_AccountId"},{"typeAttributes":{"rowActions":[{"name":"addToOppContacts","label":"Add to Opportunity C (7 more) ..."}]},"type":"action"}]|0x34810402
17:32:08.3 (1011295228)|CONSTRUCTOR_EXIT|[178]|01pR0000000nR9p|<init>(List<ANY>,List<Map<String,ANY>>)|FlowUtility.DynamicResults
17:32:08.3 (1011313523)|METHOD_EXIT|[30]|01pR0000000nR9p|FlowUtility.disassembleSObjects(List<SObject>, String)
17:32:08.3 (1011322549)|VARIABLE_SCOPE_BEGIN|[30]|cleanedUp|FlowUtility.DynamicResults|true|false
17:32:08.3 (1011369957)|VARIABLE_ASSIGNMENT|[30]|cleanedUp|{"columns":"0x7632b163","records":"0xb298850"}|0x34810402
17:32:08.3 (1011379846)|STATEMENT_EXECUTE|[31]
17:32:08.3 (1011395221)|METHOD_ENTRY|[31]||System.JSON.serialize(Object)
17:32:08.3 (1017638884)|METHOD_EXIT|[31]||System.JSON.serialize(Object)
17:32:08.3 (1017702984)|CODE_UNIT_FINISHED|dataTableController.listForLightningWithColumns(String, String, String, String)
17:32:08.3 (1017865285)|CODE_UNIT_FINISHED|Aura
17:32:08.3 (1021667357)|EXECUTION_FINISHED
